빌드 시작: 2017-06-20 오후 8:20:12
     1>2 노드의 "C:\Users\Administrator\Desktop\HW Final\2017Server\2017Server\2017Server.vcxproj" 프로젝트(Build 대상)입니다.
     1>도구 버전 "14.0"(을)를 사용하여 빌드하고 있습니다.
     1>"C:\Users\Administrator\Desktop\HW Final\2017Server\2017Server\2017Server.vcxproj" 프로젝트의 "C:\Program Files (x86)\MSBuild\14.0\bin\Microsoft.Common.CurrentVersion.targets" 파일에 있는 "_CheckForInvalidConfigurationAndPlatform" 대상(진입점):
       조건이 잘못되어 "Error" 작업을 건너뜁니다. ( '$(_InvalidConfigurationError)' == 'true' )이(가) ( '' == 'true' )(으)로 확인되었습니다.
       조건이 잘못되어 "Warning" 작업을 건너뜁니다. ( '$(_InvalidConfigurationWarning)' == 'true' )이(가) ( '' == 'true' )(으)로 확인되었습니다.
       "Microsoft.Build.Tasks.Core, Version=14.0.0.0, Culture=neutral, PublicKeyToken=b03f5f7f11d50a3a" 어셈블리에서 "Message" 작업을 사용합니다.
       "Message" 작업
         Configuration=Release
       "Message" 작업을 실행했습니다.
       "Message" 작업
         Platform=x64
       "Message" 작업을 실행했습니다.
       조건이 잘못되어 "Error" 작업을 건너뜁니다. ('$(OutDir)' != '' and !HasTrailingSlash('$(OutDir)'))이(가) ('C:\Users\Administrator\Desktop\HW Final\2017Server\x64\Release\' != '' and !HasTrailingSlash('C:\Users\Administrator\Desktop\HW Final\2017Server\x64\Release\'))(으)로 확인되었습니다.
       조건이 잘못되어 "Error" 작업을 건너뜁니다. ('$(BaseIntermediateOutputPath)' != '' and !HasTrailingSlash('$(BaseIntermediateOutputPath)'))이(가) ('obj\' != '' and !HasTrailingSlash('obj\'))(으)로 확인되었습니다.
       조건이 잘못되어 "Error" 작업을 건너뜁니다. ('$(IntermediateOutputPath)' != '' and !HasTrailingSlash('$(IntermediateOutputPath)'))이(가) ('x64\Release\' != '' and !HasTrailingSlash('x64\Release\'))(으)로 확인되었습니다.
     1>"2017Server.vcxproj" 프로젝트에 "_CheckForInvalidConfigurationAndPlatform" 대상을 빌드했습니다.
     1>"C:\Users\Administrator\Desktop\HW Final\2017Server\2017Server\2017Server.vcxproj" 프로젝트의 "C:\Program Files (x86)\MSBuild\Microsoft.Cpp\v4.0\V140\Microsoft.BuildSteps.Targets" 파일에 있는 "_PrepareForBuild" 대상("Build" 대상이 종속됨):
       조건이 잘못되어 "CreateItem" 작업을 건너뜁니다. ('%(CustomBuild.IncludeFileToTool)'!='')이(가) (''!='')(으)로 확인되었습니다.
     1>"2017Server.vcxproj" 프로젝트에 "_PrepareForBuild" 대상을 빌드했습니다.
     1>"C:\Users\Administrator\Desktop\HW Final\2017Server\2017Server\2017Server.vcxproj" 프로젝트의 "C:\Program Files (x86)\MSBuild\Microsoft.Cpp\v4.0\V140\Microsoft.CppBuild.targets" 파일에 있는 "_PrepareForReferenceResolution" 대상("ResolveReferences" 대상이 종속됨):
       조건이 잘못되어 "Message" 작업을 건너뜁니다. ('$(_REFERENCE_DEBUG)'=='true')이(가) (''=='true')(으)로 확인되었습니다.
     1>"2017Server.vcxproj" 프로젝트에 "_PrepareForReferenceResolution" 대상을 빌드했습니다.
       조건이 잘못되어 "ComputeCrtSDKReference" 대상을 건너뜁니다. ('@(ClCompile)'!='' and '$(WindowsAppContainer)'=='true' and '$(UseCrtSDKReference)' != 'false')이(가) ('server_main.cpp'!='' and 'false'=='true' and '' != 'false')(으)로 확인되었습니다.
     1>"C:\Users\Administrator\Desktop\HW Final\2017Server\2017Server\2017Server.vcxproj" 프로젝트의 "C:\Program Files (x86)\MSBuild\14.0\bin\Microsoft.Common.CurrentVersion.targets" 파일에 있는 "BeforeResolveReferences" 대상("ResolveReferences" 대상이 종속됨):
     1>"2017Server.vcxproj" 프로젝트에 "BeforeResolveReferences" 대상을 빌드했습니다.
     1>"C:\Users\Administrator\Desktop\HW Final\2017Server\2017Server\2017Server.vcxproj" 프로젝트의 "C:\Program Files (x86)\MSBuild\14.0\bin\Microsoft.Common.CurrentVersion.targets" 파일에 있는 "AssignProjectConfiguration" 대상("ResolveReferences" 대상이 종속됨):
       "Microsoft.Build.Tasks.Core, Version=14.0.0.0, Culture=neutral, PublicKeyToken=b03f5f7f11d50a3a" 어셈블리에서 "AssignProjectConfiguration" 작업을 사용합니다.
       "AssignProjectConfiguration" 작업
       "AssignProjectConfiguration" 작업을 실행했습니다.
     1>"2017Server.vcxproj" 프로젝트에 "AssignProjectConfiguration" 대상을 빌드했습니다.
       "AssignProjectConfiguration" 대상을 건너뜁니다. 이전에 빌드되었습니다.
     1>"C:\Users\Administrator\Desktop\HW Final\2017Server\2017Server\2017Server.vcxproj" 프로젝트의 "C:\Program Files (x86)\MSBuild\14.0\bin\Microsoft.Common.CurrentVersion.targets" 파일에 있는 "_SplitProjectReferencesByFileExistence" 대상("ResolveProjectReferences" 대상이 종속됨):
       조건이 잘못되어 "ResolveNonMSBuildProjectOutput" 작업을 건너뜁니다. ('$(BuildingInsideVisualStudio)'=='true' and '@(ProjectReferenceWithConfiguration)'!='')이(가) ('true'=='true' and ''!='')(으)로 확인되었습니다.
     1>"2017Server.vcxproj" 프로젝트에 "_SplitProjectReferencesByFileExistence" 대상을 빌드했습니다.
       조건이 잘못되어 "_RemoveNameMetadataFromProjectReferenceItems" 대상을 건너뜁니다. ('@(ProjectReference)'!='')이(가) (''!='')(으)로 확인되었습니다.
     1>"C:\Users\Administrator\Desktop\HW Final\2017Server\2017Server\2017Server.vcxproj" 프로젝트의 "C:\Program Files (x86)\MSBuild\14.0\bin\Microsoft.Common.CurrentVersion.targets" 파일에 있는 "ResolveProjectReferences" 대상("ResolveReferences" 대상이 종속됨):
       조건이 잘못되어 "MSBuild" 작업을 건너뜁니다. ('%(_MSBuildProjectReferenceExistent.BuildReference)' == 'true' and '@(ProjectReferenceWithConfiguration)' != '' and ('$(BuildingInsideVisualStudio)' == 'true' or '$(BuildProjectReferences)' != 'true') and '$(VisualStudioVersion)' != '10.0' and '@(_MSBuildProjectReferenceExistent)' != '')이(가) ('' == 'true' and '' != '' and ('true' == 'true' or 'true' != 'true') and '14.0' != '10.0' and '' != '')(으)로 확인되었습니다.
       조건이 잘못되어 "MSBuild" 작업을 건너뜁니다. ('%(_MSBuildProjectReferenceExistent.BuildReference)' == 'true' and '@(ProjectReferenceWithConfiguration)' != '' and ('$(BuildingInsideVisualStudio)' == 'true' or '$(BuildProjectReferences)' != 'true') and '$(VisualStudioVersion)' == '10.0' and '@(_MSBuildProjectReferenceExistent)' != '')이(가) ('' == 'true' and '' != '' and ('true' == 'true' or 'true' != 'true') and '14.0' == '10.0' and '' != '')(으)로 확인되었습니다.
       조건이 잘못되어 "MSBuild" 작업을 건너뜁니다. ('%(_MSBuildProjectReferenceExistent.BuildReference)' == 'true' and '@(ProjectReferenceWithConfiguration)' != '' and '$(BuildingInsideVisualStudio)' != 'true' and '$(BuildProjectReferences)' == 'true' and '@(_MSBuildProjectReferenceExistent)' != '')이(가) ('' == 'true' and '' != '' and 'true' != 'true' and 'true' == 'true' and '' != '')(으)로 확인되었습니다.
       조건이 잘못되어 "MSBuild" 작업을 건너뜁니다. ('%(_MSBuildProjectReferenceExistent.BuildReference)' == 'true' and '@(ProjectReferenceWithConfiguration)' != '' and '$(BuildingProject)' == 'true' and '@(_MSBuildProjectReferenceExistent)' != '')이(가) ('' == 'true' and '' != '' and 'true' == 'true' and '' != '')(으)로 확인되었습니다.
       조건이 잘못되어 "Warning" 작업을 건너뜁니다. ('@(ProjectReferenceWithConfiguration)' != '' and '@(_MSBuildProjectReferenceNonexistent)' != '')이(가) ('' != '' and '' != '')(으)로 확인되었습니다.
     1>"2017Server.vcxproj" 프로젝트에 "ResolveProjectReferences" 대상을 빌드했습니다.
       조건이 잘못되어 "FindInvalidProjectReferences" 대상을 건너뜁니다. ('$(FindInvalidProjectReferences)' == 'true')이(가) ('' == 'true')(으)로 확인되었습니다.
       조건이 잘못되어 "ResolveNativeReferences" 대상을 건너뜁니다. ('@(NativeReference)'!='')이(가) (''!='')(으)로 확인되었습니다.
       "_PrepareForReferenceResolution" 대상을 건너뜁니다. 이전에 빌드되었습니다.
     1>"C:\Users\Administrator\Desktop\HW Final\2017Server\2017Server\2017Server.vcxproj" 프로젝트의 "C:\Program Files (x86)\MSBuild\14.0\bin\Microsoft.NetFramework.CurrentVersion.targets" 파일에 있는 "GetFrameworkPaths" 대상("ResolveAssemblyReferences" 대상이 종속됨):
     1>"2017Server.vcxproj" 프로젝트에 "GetFrameworkPaths" 대상을 빌드했습니다.
       조건이 잘못되어 "GetWinFXPath" 대상을 건너뜁니다. (('@(Page)' != '' or '@(ApplicationDefinition)' != '' or '@(Resource)' != '') and ('$(GetWinFXNativePath)' != '' or '$(GetWinFXWoWPath)' != '' ))이(가) (('' != '' or '' != '' or '' != '') and ('' != '' or '' != '' ))(으)로 확인되었습니다.
     1>"C:\Users\Administrator\Desktop\HW Final\2017Server\2017Server\2017Server.vcxproj" 프로젝트의 "C:\Program Files (x86)\MSBuild\14.0\bin\Microsoft.Common.CurrentVersion.targets" 파일에 있는 "GetReferenceAssemblyPaths" 대상("ResolveAssemblyReferences" 대상이 종속됨):
       조건이 잘못되어 "GetReferenceAssemblyPaths" 작업을 건너뜁니다. ('$(TargetFrameworkMoniker)' != '' and ('$(_TargetFrameworkDirectories)' == '' or '$(_FullFrameworkReferenceAssemblyPaths)' == ''))이(가) ('' != '' and ('C:\Program Files (x86)\Reference Assemblies\Microsoft\Framework\.NETFramework\v4.0' == '' or 'C:\Program Files (x86)\Reference Assemblies\Microsoft\Framework\.NETFramework\v4.0' == ''))(으)로 확인되었습니다.
     1>"2017Server.vcxproj" 프로젝트에 "GetReferenceAssemblyPaths" 대상을 빌드했습니다.
     1>"C:\Users\Administrator\Desktop\HW Final\2017Server\2017Server\2017Server.vcxproj" 프로젝트의 "C:\Program Files (x86)\MSBuild\Microsoft.Cpp\v4.0\V140\Microsoft.Cpp.Current.targets" 파일에 있는 "SetBuildDefaultEnvironmentVariables" 대상("PrepareForBuild" 대상이 종속됨):
       "C:\Program Files (x86)\MSBuild\Microsoft.Cpp\v4.0\V140\Microsoft.Build.CppTasks.Common.dll" 어셈블리에서 "SetEnv" 작업을 사용합니다.
       "SetEnv" 작업
         PATH=C:\Users\KKOD\Desktop\IOCPCLASS\2017Server\2017Server\includex64;C:\Users\KKOD\Desktop\IOCPCLASS\2017Server\2017Server\include;C:\Program Files (x86)\Microsoft Visual Studio 14.0\VC\bin\x86_amd64;C:\Program Files (x86)\Microsoft Visual Studio 14.0\VC\bin;C:\Program Files (x86)\Windows Kits\8.1\bin\x86;;C:\Program Files (x86)\Microsoft SDKs\Windows\v10.0A\bin\NETFX 4.6.1 Tools;C:\Program Files (x86)\Microsoft Visual Studio 14.0\Common7\tools;C:\Program Files (x86)\Microsoft Visual Studio 14.0\Common7\ide;C:\Program Files (x86)\HTML Help Workshop;;C:\Program Files (x86)\MSBuild\14.0\bin\;C:\WINDOWS\Microsoft.NET\Framework\v4.0.30319\;;C:\Program Files (x86)\Microsoft Visual Studio 14.0\Common7\IDE\CommonExtensions\Microsoft\TeamFoundation\Team Explorer\NativeBinaries\x86;C:\Python34\;C:\Python34\Scripts;C:\Windows\system32;C:\Windows;C:\Windows\System32\Wbem;C:\Windows\System32\WindowsPowerShell\v1.0\;C:\Program Files (x86)\NVIDIA Corporation\PhysX\Common;C:\Program Files (x86)\Windows Kits\8.1\Windows Performance Toolkit\;C:\Anaconda3;C:\Anaconda3\Scripts;C:\Anaconda3\Library\bin;C:\WINDOWS\system32;C:\WINDOWS;C:\WINDOWS\System32\Wbem;C:\WINDOWS\System32\WindowsPowerShell\v1.0\;C:\Program Files (x86)\GtkSharp\2.12\bin;C:\Program Files (x86)\MySQL\MySQL Utilities 1.3.4\;C:\Program Files (x86)\Skype\Phone\;C:\Program Files\Git LFS;C:\Program Files\TortoiseSVN\bin;C:\Program Files\Microsoft SQL Server\130\Tools\Binn\;C:\Program Files (x86)\Microsoft SQL Server\Client SDK\ODBC\130\Tools\Binn\;C:\Program Files (x86)\Microsoft SQL Server\130\Tools\Binn\;C:\Program Files (x86)\Microsoft SQL Server\130\DTS\Binn\;C:\Program Files (x86)\Microsoft SQL Server\130\Tools\Binn\ManagementStudio\;C:\Program Files\Microsoft SQL Server\Client SDK\ODBC\130\Tools\Binn\;C:\Program Files\Microsoft SQL Server\130\DTS\Binn\;C:\Program Files\PuTTY\;;C:\Users\Administrator\AppData\Local\Microsoft\WindowsApps;;
       "SetEnv" 작업을 실행했습니다.
       "SetEnv" 작업
         LIB=C:\Users\KKOD\Desktop\IOCPCLASS\2017Server\2017Server\libx64;C:\Users\KKOD\Desktop\IOCPCLASS\2017Server\2017Server\lib;C:\Program Files (x86)\Microsoft Visual Studio 14.0\VC\lib\amd64;;C:\Program Files (x86)\Microsoft Visual Studio 14.0\VC\atlmfc\lib\amd64;;C:\Program Files (x86)\Windows Kits\10\lib\10.0.10240.0\ucrt\x64;;;C:\Program Files (x86)\Windows Kits\8.1\lib\winv6.3\um\x64;;C:\Program Files (x86)\Windows Kits\NETFXSDK\4.6.1\Lib\um\x64
       "SetEnv" 작업을 실행했습니다.
       "SetEnv" 작업
         LIBPATH=C:\Program Files (x86)\Microsoft Visual Studio 14.0\VC\atlmfc\lib\amd64;;C:\Program Files (x86)\Microsoft Visual Studio 14.0\VC\lib\amd64;
       "SetEnv" 작업을 실행했습니다.
       "SetEnv" 작업
         INCLUDE=C:\Users\KKOD\Desktop\IOCPCLASS\2017Server\2017Server\includex64;C:\Users\KKOD\Desktop\IOCPCLASS\2017Server\2017Server\include;C:\Program Files (x86)\Microsoft Visual Studio 14.0\VC\include;;C:\Program Files (x86)\Microsoft Visual Studio 14.0\VC\atlmfc\include;;C:\Program Files (x86)\Windows Kits\10\Include\10.0.10240.0\ucrt;;;C:\Program Files (x86)\Windows Kits\8.1\Include\um;C:\Program Files (x86)\Windows Kits\8.1\Include\shared;C:\Program Files (x86)\Windows Kits\8.1\Include\winrt;;
       "SetEnv" 작업을 실행했습니다.
     1>"2017Server.vcxproj" 프로젝트에 "SetBuildDefaultEnvironmentVariables" 대상을 빌드했습니다.
       조건이 잘못되어 "SetUserMacroEnvironmentVariables" 대상을 건너뜁니다. ('@(BuildMacro)' != '' and '$(DesignTimeBuild)' != 'true')이(가) ('' != '' and '' != 'true')(으)로 확인되었습니다.
     1>"C:\Users\Administrator\Desktop\HW Final\2017Server\2017Server\2017Server.vcxproj" 프로젝트의 "C:\Program Files (x86)\MSBuild\Microsoft.Cpp\v4.0\V140\Microsoft.CppBuild.targets" 파일에 있는 "GetResolvedWinMD" 대상("PrepareForBuild" 대상이 종속됨):
     1>"2017Server.vcxproj" 프로젝트에 "GetResolvedWinMD" 대상을 빌드했습니다.
     1>"C:\Users\Administrator\Desktop\HW Final\2017Server\2017Server\2017Server.vcxproj" 프로젝트의 "C:\Program Files (x86)\MSBuild\Microsoft.Cpp\v4.0\V140\Microsoft.Cpp.Platform.targets" 파일에 있는 "PlatformPrepareForBuild" 대상("PrepareForBuild" 대상이 종속됨):
       조건이 잘못되어 "VCMessage" 작업을 건너뜁니다. ('$(_Error64bitToolsNotInstalled)' == 'true')이(가) ('' == 'true')(으)로 확인되었습니다.
       조건이 잘못되어 "VCMessage" 작업을 건너뜁니다. ('$(DesignTimeBuild)'!='true' and '$(_ToolsetFound)' != 'true' and '$(PlatformToolset)' == 'v110')이(가) (''!='true' and 'true' != 'true' and 'v140' == 'v110')(으)로 확인되었습니다.
       조건이 잘못되어 "VCMessage" 작업을 건너뜁니다. ('$(DesignTimeBuild)'!='true' and '$(_ToolsetFound)' != 'true' and '$(PlatformToolset)' == 'v100')이(가) (''!='true' and 'true' != 'true' and 'v140' == 'v100')(으)로 확인되었습니다.
       조건이 잘못되어 "VCMessage" 작업을 건너뜁니다. ('$(DesignTimeBuild)'!='true' and '$(_ToolsetFound)' != 'true' and '$(PlatformToolset)' == 'v90')이(가) (''!='true' and 'true' != 'true' and 'v140' == 'v90')(으)로 확인되었습니다.
       조건이 잘못되어 "VCMessage" 작업을 건너뜁니다. ('$(DesignTimeBuild)'!='true' and '$(_ToolsetFound)' != 'true' and '$(PlatformToolset)' != 'v90' and '$(PlatformToolset)' != 'v100' and '$(PlatformToolset)' != 'v110')이(가) (''!='true' and 'true' != 'true' and 'v140' != 'v90' and 'v140' != 'v100' and 'v140' != 'v110')(으)로 확인되었습니다.
     1>"2017Server.vcxproj" 프로젝트에 "PlatformPrepareForBuild" 대상을 빌드했습니다.
     1>"C:\Users\Administrator\Desktop\HW Final\2017Server\2017Server\2017Server.vcxproj" 프로젝트의 "C:\Program Files (x86)\MSBuild\Microsoft.Cpp\v4.0\V140\Platforms\x64\PlatformToolsets\v140\Toolset.targets" 파일에 있는 "Desktop_PlatformPrepareForBuild" 대상("PrepareForBuild" 대상이 종속됨):
       조건이 잘못되어 "VCMessage" 작업을 건너뜁니다. ($(MissingSDKProps) == 'true')이(가) ( == 'true')(으)로 확인되었습니다.
     1>"2017Server.vcxproj" 프로젝트에 "Desktop_PlatformPrepareForBuild" 대상을 빌드했습니다.
       "GetFrameworkPaths" 대상을 건너뜁니다. 이전에 빌드되었습니다.
       "GetReferenceAssemblyPaths" 대상을 건너뜁니다. 이전에 빌드되었습니다.
       조건이 잘못되어 "AssignLinkMetadata" 대상을 건너뜁니다. ( '$(SynthesizeLinkMetadata)' == 'true' )이(가) ( '' == 'true' )(으)로 확인되었습니다.
     1>"C:\Users\Administrator\Desktop\HW Final\2017Server\2017Server\2017Server.vcxproj" 프로젝트의 "C:\Program Files (x86)\MSBuild\Microsoft\VisualStudio\v14.0\CodeAnalysis\Microsoft.CodeAnalysis.targets" 파일에 있는 "SetCABuildNativeEnvironmentVariables" 대상("PrepareForBuild" 대상이 종속됨):
       "C:\Program Files (x86)\MSBuild\14.0\bin\Microsoft.Build.Tasks.Core.dll" 어셈블리에서 "CodeTaskFactory" 작업 팩터리를 초기화하고 있습니다.
       "Code Task Factory" 작업 팩터리에서 "SetEnvironmentVariable" 작업을 사용합니다.
       "SetEnvironmentVariable" 작업
       "SetEnvironmentVariable" 작업을 실행했습니다.
     1>"2017Server.vcxproj" 프로젝트에 "SetCABuildNativeEnvironmentVariables" 대상을 빌드했습니다.
     1>"C:\Users\Administrator\Desktop\HW Final\2017Server\2017Server\2017Server.vcxproj" 프로젝트의 "C:\Program Files (x86)\MSBuild\Microsoft.Cpp\v4.0\V140\Microsoft.CppBuild.targets" 파일에 있는 "PrepareForBuild" 대상("ResolveAssemblyReferences" 대상이 종속됨):
       조건이 잘못되어 "VCMessage" 작업을 건너뜁니다. ('$(DesignTimeBuild)' != 'true' and '$(ConfigurationPlatformExists)' != 'true')이(가) ('' != 'true' and 'true' != 'true')(으)로 확인되었습니다.
       "Microsoft.Build.Tasks.Core, Version=14.0.0.0, Culture=neutral, PublicKeyToken=b03f5f7f11d50a3a" 어셈블리에서 "MakeDir" 작업을 사용합니다.
       "MakeDir" 작업
       "MakeDir" 작업을 실행했습니다.
       조건이 잘못되어 "VCMessage" 작업을 건너뜁니다. ('$(DesignTimeBuild)'!='true' and '$(WindowsAppContainer)'=='true' and '$(ConfigurationType)'!='Application' and '$(ConfigurationType)'!='DynamicLibrary' and '$(ConfigurationType)'!='StaticLibrary')이(가) (''!='true' and 'false'=='true' and 'Application'!='Application' and 'Application'!='DynamicLibrary' and 'Application'!='StaticLibrary')(으)로 확인되었습니다.
       조건이 잘못되어 "VCMessage" 작업을 건너뜁니다. ('$(DesignTimeBuild)'!='true' and '$(VCInstallDir)'=='' and '$(UseEnv)' != 'true' and ('$(TargetFrameworkVersion)'=='v3.5' or '$(TargetFrameworkVersion)'=='v3.0' or '$(TargetFrameworkVersion)'=='v2.0' ))이(가) (''!='true' and 'C:\Program Files (x86)\Microsoft Visual Studio 14.0\VC\'=='' and '' != 'true' and ('v4.0'=='v3.5' or 'v4.0'=='v3.0' or 'v4.0'=='v2.0' ))(으)로 확인되었습니다.
       조건이 잘못되어 "VCMessage" 작업을 건너뜁니다. ('$(DesignTimeBuild)'!='true' and '$(VCInstallDir)'=='' and '$(UseEnv)' != 'true' and '$(PlatformToolset)'=='v90')이(가) (''!='true' and 'C:\Program Files (x86)\Microsoft Visual Studio 14.0\VC\'=='' and '' != 'true' and 'v140'=='v90')(으)로 확인되었습니다.
       조건이 잘못되어 "VCMessage" 작업을 건너뜁니다. ('$(VCInstallDir)'=='' and '$(UseEnv)' != 'true')이(가) ('C:\Program Files (x86)\Microsoft Visual Studio 14.0\VC\'=='' and '' != 'true')(으)로 확인되었습니다.
       조건이 잘못되어 "VCMessage" 작업을 건너뜁니다. ('$(WindowsSDKDir)'=='' and '$(UseEnv)' != 'true')이(가) ('C:\Program Files (x86)\Windows Kits\8.1\'=='' and '' != 'true')(으)로 확인되었습니다.
       조건이 잘못되어 "VCMessage" 작업을 건너뜁니다. ('$(IntDirTrailingSlashWarning)'=='true')이(가) (''=='true')(으)로 확인되었습니다.
       조건이 잘못되어 "VCMessage" 작업을 건너뜁니다. ('$(OutDirTrailingSlashWarning)'=='true')이(가) (''=='true')(으)로 확인되었습니다.
       조건이 잘못되어 "VCMessage" 작업을 건너뜁니다. ('%(CompatibilityIssues.Identity)' != '' and '$(DesignTimeBuild)'!='true')이(가) ('' != '' and ''!='true')(으)로 확인되었습니다.
       조건이 잘못되어 "VCMessage" 작업을 건너뜁니다. ('$(_MBCS_Using)' == 'true' and '$(_MBCS_Installed)' != 'true' and '$(DesignTimeBuild)' != 'true')이(가) ('' == 'true' and '' != 'true' and '' != 'true')(으)로 확인되었습니다.
       조건이 잘못되어 "VCMessage" 작업을 건너뜁니다. ('$(IgnoreWarnIntDirSharingDetected)' != 'true' and '$(IntDirSharingDetected)' == 'true')이(가) ('' != 'true' and '' == 'true')(으)로 확인되었습니다.
       조건이 잘못되어 "VCMessage" 작업을 건너뜁니다. ('$(IgnoreWarnIntDirInTempDetected)' != 'true' and ('$(_IntDirFullpath.StartsWith($(Tmp), true, null))' == 'true' or '$(_IntDirFullpath.StartsWith($(Temp), true, null))' == 'true' or '$(_OutDirFullpath.StartsWith($(Tmp), true, null))' == 'true' or '$(_OutDirFullpath.StartsWith($(Temp), true, null))' == 'true'))이(가) ('' != 'true' and ('False' == 'true' or 'False' == 'true' or 'False' == 'true' or 'False' == 'true'))(으)로 확인되었습니다.
       "MakeDir" 작업
       "MakeDir" 작업을 실행했습니다.
     1>"2017Server.vcxproj" 프로젝트에 "PrepareForBuild" 대상을 빌드했습니다.
       "_PrepareForReferenceResolution" 대상을 건너뜁니다. 이전에 빌드되었습니다.
       조건이 잘못되어 "ComputeCrtSDKReference" 대상을 건너뜁니다. ('@(ClCompile)'!='' and '$(WindowsAppContainer)'=='true' and '$(UseCrtSDKReference)' != 'false')이(가) ('server_main.cpp'!='' and 'false'=='true' and '' != 'false')(으)로 확인되었습니다.
     1>"C:\Users\Administrator\Desktop\HW Final\2017Server\2017Server\2017Server.vcxproj" 프로젝트의 "C:\Program Files (x86)\MSBuild\14.0\bin\Microsoft.Common.CurrentVersion.targets" 파일에 있는 "GetInstalledSDKLocations" 대상("ResolveSDKReferences" 대상이 종속됨):
       조건이 잘못되어 "GetInstalledSDKLocations" 작업을 건너뜁니다. ('@(SDKReference)' != '')이(가) ('' != '')(으)로 확인되었습니다.
       조건이 잘못되어 "GetInstalledSDKLocations" 작업을 건너뜁니다. ('@(SDKReference)' != '' and '$(SupportWindows81SDKs)' == 'true' and '$(TargetPlatformIdentifierWindows81)' != '' and '$(TargetPlatformVersionWindows81)' != '')이(가) ('' != '' and '' == 'true' and '' != '' and '' != '')(으)로 확인되었습니다.
       조건이 잘못되어 "GetInstalledSDKLocations" 작업을 건너뜁니다. ('@(SDKReference)' != '' and '$(SupportWindowsPhone81SDKs)' == 'true' and '$(TargetPlatformIdentifierWindowsPhone81)' != '' and '$(TargetPlatformVersionWindowsPhone81)' != '')이(가) ('' != '' and '' == 'true' and '' != '' and '' != '')(으)로 확인되었습니다.
     1>"2017Server.vcxproj" 프로젝트에 "GetInstalledSDKLocations" 대상을 빌드했습니다.
     1>"C:\Users\Administrator\Desktop\HW Final\2017Server\2017Server\2017Server.vcxproj" 프로젝트의 "C:\Program Files (x86)\MSBuild\14.0\Microsoft.Common.targets\ImportBefore\Windows.8.1.UT_SDKReference.props" 파일에 있는 "ModifyUnitTestPlatformVersion" 대상("ResolveSDKReferences" 대상이 종속됨):
     1>"2017Server.vcxproj" 프로젝트에 "ModifyUnitTestPlatformVersion" 대상을 빌드했습니다.
     1>"C:\Users\Administrator\Desktop\HW Final\2017Server\2017Server\2017Server.vcxproj" 프로젝트의 "C:\Program Files (x86)\MSBuild\14.0\bin\Microsoft.Common.CurrentVersion.targets" 파일에 있는 "ResolveSDKReferences" 대상("ResolveAssemblyReferences" 대상이 종속됨):
       조건이 잘못되어 "ResolveSDKReference" 작업을 건너뜁니다. ('@(SDKReference)'!='')이(가) (''!='')(으)로 확인되었습니다.
     1>"2017Server.vcxproj" 프로젝트에 "ResolveSDKReferences" 대상을 빌드했습니다.
       "ResolveSDKReferences" 대상을 건너뜁니다. 이전에 빌드되었습니다.
     1>"C:\Users\Administrator\Desktop\HW Final\2017Server\2017Server\2017Server.vcxproj" 프로젝트의 "C:\Program Files (x86)\MSBuild\14.0\bin\Microsoft.Common.CurrentVersion.targets" 파일에 있는 "ExpandSDKReferences" 대상("ResolveAssemblyReferences" 대상이 종속됨):
       조건이 잘못되어 "GetSDKReferenceFiles" 작업을 건너뜁니다. ('@(ResolvedSDKReference)'!='')이(가) (''!='')(으)로 확인되었습니다.
     1>"2017Server.vcxproj" 프로젝트에 "ExpandSDKReferences" 대상을 빌드했습니다.
       조건이 잘못되어 "ResolveNuGetPackageAssets" 대상을 건너뜁니다. ('$(ResolveNuGetPackages)' == 'true' and exists('$(ProjectLockFile)'))이(가) ('true' == 'true' and exists('project.lock.json'))(으)로 확인되었습니다.
     1>"C:\Users\Administrator\Desktop\HW Final\2017Server\2017Server\2017Server.vcxproj" 프로젝트의 "C:\Program Files (x86)\MSBuild\14.0\bin\Microsoft.Common.CurrentVersion.targets" 파일에 있는 "ResolveAssemblyReferences" 대상("ResolveReferences" 대상이 종속됨):
       조건이 잘못되어 "ResolveAssemblyReference" 작업을 건너뜁니다. ('@(Reference)'!='' or '@(_ResolvedProjectReferencePaths)'!='' or '@(_ExplicitReference)' != '')이(가) (''!='' or ''!='' or '' != '')(으)로 확인되었습니다.
     1>"2017Server.vcxproj" 프로젝트에 "ResolveAssemblyReferences" 대상을 빌드했습니다.
       조건이 잘못되어 "GenerateBindingRedirects" 대상을 건너뜁니다. ('$(AutoGenerateBindingRedirects)' == 'true' and '$(GenerateBindingRedirectsOutputType)' == 'true')이(가) ('' == 'true' and 'true' == 'true')(으)로 확인되었습니다.
       조건이 잘못되어 "GenerateBindingRedirectsUpdateAppConfig" 대상을 건너뜁니다. ('$(AutoGenerateBindingRedirects)' == 'true' and '$(GenerateBindingRedirectsOutputType)' == 'true' and Exists('$(_GenerateBindingRedirectsIntermediateAppConfig)'))이(가) ('' == 'true' and 'true' == 'true' and Exists('x64\Release\2017Server.vcxproj.2017Server.exe.config'))(으)로 확인되었습니다.
       조건이 잘못되어 "ResolveComReferences" 대상을 건너뜁니다. ('@(COMReference)'!='' or '@(COMFileReference)'!='')이(가) (''!='' or ''!='')(으)로 확인되었습니다.
     1>"C:\Users\Administrator\Desktop\HW Final\2017Server\2017Server\2017Server.vcxproj" 프로젝트의 "C:\Program Files (x86)\MSBuild\14.0\bin\Microsoft.Common.CurrentVersion.targets" 파일에 있는 "AfterResolveReferences" 대상("ResolveReferences" 대상이 종속됨):
     1>"2017Server.vcxproj" 프로젝트에 "AfterResolveReferences" 대상을 빌드했습니다.
       조건이 잘못되어 "ImplicitlyExpandDesignTimeFacades" 대상을 건너뜁니다. ('$(ImplicitlyExpandDesignTimeFacades)' == 'true')이(가) ('' == 'true')(으)로 확인되었습니다.
       조건이 잘못되어 "ResolveTestReferences" 대상을 건너뜁니다. ('@(Shadow)'!='')이(가) (''!='')(으)로 확인되었습니다.
     1>"C:\Users\Administrator\Desktop\HW Final\2017Server\2017Server\2017Server.vcxproj" 프로젝트의 "C:\Program Files (x86)\MSBuild\14.0\bin\Microsoft.Common.CurrentVersion.targets" 파일에 있는 "ResolveReferences" 대상("Build" 대상이 종속됨):
     1>"2017Server.vcxproj" 프로젝트에 "ResolveReferences" 대상을 빌드했습니다.
       "PrepareForBuild" 대상을 건너뜁니다. 이전에 빌드되었습니다.
       "PrepareForBuild" 대상을 건너뜁니다. 이전에 빌드되었습니다.
     1>"C:\Users\Administrator\Desktop\HW Final\2017Server\2017Server\2017Server.vcxproj" 프로젝트의 "C:\Program Files (x86)\MSBuild\Microsoft.Cpp\v4.0\V140\Microsoft.CppBuild.targets" 파일에 있는 "InitializeBuildStatus" 대상("Build" 대상이 종속됨):
       "Microsoft.Build.Tasks.Core, Version=14.0.0.0, Culture=neutral, PublicKeyToken=b03f5f7f11d50a3a" 어셈블리에서 "ReadLinesFromFile" 작업을 사용합니다.
       "ReadLinesFromFile" 작업
       "ReadLinesFromFile" 작업을 실행했습니다.
       "Microsoft.Build.Tasks.Core, Version=14.0.0.0, Culture=neutral, PublicKeyToken=b03f5f7f11d50a3a" 어셈블리에서 "WriteLinesToFile" 작업을 사용합니다.
       "WriteLinesToFile" 작업
       "WriteLinesToFile" 작업을 실행했습니다.
       "Microsoft.Build.Tasks.Core, Version=14.0.0.0, Culture=neutral, PublicKeyToken=b03f5f7f11d50a3a" 어셈블리에서 "Touch" 작업을 사용합니다.
       "Touch" 작업
         "AlwaysCreate"이(가) 지정되었기 때문에 "x64\Release\2017Server.tlog\unsuccessfulbuild"을(를) 만들고 있습니다.
       "Touch" 작업을 실행했습니다.
     1>"2017Server.vcxproj" 프로젝트에 "InitializeBuildStatus" 대상을 빌드했습니다.
       "AssignProjectConfiguration" 대상을 건너뜁니다. 이전에 빌드되었습니다.
       "_SplitProjectReferencesByFileExistence" 대상을 건너뜁니다. 이전에 빌드되었습니다.
     1>"C:\Users\Administrator\Desktop\HW Final\2017Server\2017Server\2017Server.vcxproj" 프로젝트의 "C:\Program Files (x86)\MSBuild\14.0\bin\Microsoft.Common.CurrentVersion.targets" 파일에 있는 "BuildGenerateSourcesTraverse" 대상("BuildGenerateSources" 대상이 종속됨):
       조건이 잘못되어 "MSBuild" 작업을 건너뜁니다. ('$(BuildPassReferences)' == 'true' and '@(ProjectReferenceWithConfiguration)' != '' and '@(_MSBuildProjectReferenceExistent)' != '' and '%(_MSBuildProjectReferenceExistent.BuildReference)' == 'true')이(가) ('' == 'true' and '' != '' and '' != '' and '' == 'true')(으)로 확인되었습니다.
     1>"2017Server.vcxproj" 프로젝트에 "BuildGenerateSourcesTraverse" 대상을 빌드했습니다.
       "PrepareForBuild" 대상을 건너뜁니다. 이전에 빌드되었습니다.
       "ResolveReferences" 대상을 건너뜁니다. 이전에 빌드되었습니다.
     1>"C:\Users\Administrator\Desktop\HW Final\2017Server\2017Server\2017Server.vcxproj" 프로젝트의 "C:\Program Files (x86)\MSBuild\Microsoft.Cpp\v4.0\V140\Microsoft.BuildSteps.Targets" 파일에 있는 "BeforeBuildGenerateSources" 대상("_BuildGenerateSourcesAction" 대상이 종속됨):
     1>"2017Server.vcxproj" 프로젝트에 "BeforeBuildGenerateSources" 대상을 빌드했습니다.
     1>"C:\Users\Administrator\Desktop\HW Final\2017Server\2017Server\2017Server.vcxproj" 프로젝트의 "C:\Program Files (x86)\MSBuild\Microsoft.Cpp\v4.0\V140\Microsoft.CppCommon.targets" 파일에 있는 "PreBuildEvent" 대상("_BuildGenerateSourcesAction" 대상이 종속됨):
       조건이 잘못되어 "Message" 작업을 건너뜁니다. ('%(PreBuildEvent.Message)' != '' and '%(PreBuildEvent.Command)' != '')이(가) ('' != '' and '' != '')(으)로 확인되었습니다.
       조건이 잘못되어 "Exec" 작업을 건너뜁니다. ('%(PreBuildEvent.Command)' != '')이(가) ('' != '')(으)로 확인되었습니다.
     1>"2017Server.vcxproj" 프로젝트에 "PreBuildEvent" 대상을 빌드했습니다.
       조건이 잘못되어 "CustomBuild" 대상을 건너뜁니다. ('@(CustomBuild)' != '')이(가) ('' != '')(으)로 확인되었습니다.
       조건이 잘못되어 "FxExport" 대상을 건너뜁니다. ('@(FxCompile)' != '')이(가) ('' != '')(으)로 확인되었습니다.
       조건이 잘못되어 "FxCompile" 대상을 건너뜁니다. ('@(FxCompile)' != '')이(가) ('' != '')(으)로 확인되었습니다.
       조건이 잘못되어 "Xsd" 대상을 건너뜁니다. ('@(Xsd)' != '')이(가) ('' != '')(으)로 확인되었습니다.
     1>"C:\Users\Administrator\Desktop\HW Final\2017Server\2017Server\2017Server.vcxproj" 프로젝트의 "C:\Program Files (x86)\MSBuild\Microsoft.Cpp\v4.0\V140\Microsoft.CppBuild.targets" 파일에 있는 "_Xsd" 대상("_BuildGenerateSourcesAction" 대상이 종속됨):
     1>"2017Server.vcxproj" 프로젝트에 "_Xsd" 대상을 빌드했습니다.
     1>"C:\Users\Administrator\Desktop\HW Final\2017Server\2017Server\2017Server.vcxproj" 프로젝트의 "C:\Program Files (x86)\MSBuild\Microsoft.Cpp\v4.0\V140\Microsoft.CppBuild.targets" 파일에 있는 "MakeDirsForMidl" 대상("_Midl" 대상이 종속됨):
       "Makedir" 작업
       "Makedir" 작업을 실행했습니다.
     1>"2017Server.vcxproj" 프로젝트에 "MakeDirsForMidl" 대상을 빌드했습니다.
       조건이 잘못되어 "Midl" 대상을 건너뜁니다. ('@(Midl)' != '')이(가) ('' != '')(으)로 확인되었습니다.
       조건이 잘못되어 "CustomBuild" 대상을 건너뜁니다. ('@(CustomBuild)' != '')이(가) ('' != '')(으)로 확인되었습니다.
       조건이 잘못되어 "FxExport" 대상을 건너뜁니다. ('@(FxCompile)' != '')이(가) ('' != '')(으)로 확인되었습니다.
       조건이 잘못되어 "FxCompile" 대상을 건너뜁니다. ('@(FxCompile)' != '')이(가) ('' != '')(으)로 확인되었습니다.
     1>"C:\Users\Administrator\Desktop\HW Final\2017Server\2017Server\2017Server.vcxproj" 프로젝트의 "C:\Program Files (x86)\MSBuild\Microsoft.Cpp\v4.0\V140\Microsoft.CppBuild.targets" 파일에 있는 "ComputeMIDLGeneratedCompileInputs" 대상("_Midl" 대상이 종속됨):
     1>"2017Server.vcxproj" 프로젝트에 "ComputeMIDLGeneratedCompileInputs" 대상을 빌드했습니다.
     1>"C:\Users\Administrator\Desktop\HW Final\2017Server\2017Server\2017Server.vcxproj" 프로젝트의 "C:\Program Files (x86)\MSBuild\Microsoft.Cpp\v4.0\V140\Microsoft.CppBuild.targets" 파일에 있는 "AfterMidl" 대상("_Midl" 대상이 종속됨):
     1>"2017Server.vcxproj" 프로젝트에 "AfterMidl" 대상을 빌드했습니다.
     1>"C:\Users\Administrator\Desktop\HW Final\2017Server\2017Server\2017Server.vcxproj" 프로젝트의 "C:\Program Files (x86)\MSBuild\Microsoft.Cpp\v4.0\V140\Microsoft.CppBuild.targets" 파일에 있는 "_Midl" 대상("_BuildGenerateSourcesAction" 대상이 종속됨):
     1>"2017Server.vcxproj" 프로젝트에 "_Midl" 대상을 빌드했습니다.
     1>"C:\Users\Administrator\Desktop\HW Final\2017Server\2017Server\2017Server.vcxproj" 프로젝트의 "C:\Program Files (x86)\MSBuild\Microsoft.Cpp\v4.0\V140\Microsoft.BuildSteps.Targets" 파일에 있는 "AfterBuildGenerateSources" 대상("_BuildGenerateSourcesAction" 대상이 종속됨):
     1>"2017Server.vcxproj" 프로젝트에 "AfterBuildGenerateSources" 대상을 빌드했습니다.
     1>"C:\Users\Administrator\Desktop\HW Final\2017Server\2017Server\2017Server.vcxproj" 프로젝트의 "C:\Program Files (x86)\MSBuild\Microsoft.Cpp\v4.0\V140\Microsoft.CppBuild.targets" 파일에 있는 "AfterBuildGenerateSourcesEvent" 대상("_BuildGenerateSourcesAction" 대상이 종속됨):
     1>"2017Server.vcxproj" 프로젝트에 "AfterBuildGenerateSourcesEvent" 대상을 빌드했습니다.
     1>"C:\Users\Administrator\Desktop\HW Final\2017Server\2017Server\2017Server.vcxproj" 프로젝트의 "C:\Program Files (x86)\MSBuild\Microsoft.Cpp\v4.0\V140\Microsoft.CppBuild.targets" 파일에 있는 "_BuildGenerateSourcesAction" 대상("BuildGenerateSources" 대상이 종속됨):
     1>"2017Server.vcxproj" 프로젝트에 "_BuildGenerateSourcesAction" 대상을 빌드했습니다.
     1>"C:\Users\Administrator\Desktop\HW Final\2017Server\2017Server\2017Server.vcxproj" 프로젝트의 "C:\Program Files (x86)\MSBuild\14.0\bin\Microsoft.Common.CurrentVersion.targets" 파일에 있는 "BuildGenerateSources" 대상("Build" 대상이 종속됨):
     1>"2017Server.vcxproj" 프로젝트에 "BuildGenerateSources" 대상을 빌드했습니다.
       "AssignProjectConfiguration" 대상을 건너뜁니다. 이전에 빌드되었습니다.
       "_SplitProjectReferencesByFileExistence" 대상을 건너뜁니다. 이전에 빌드되었습니다.
     1>"C:\Users\Administrator\Desktop\HW Final\2017Server\2017Server\2017Server.vcxproj" 프로젝트의 "C:\Program Files (x86)\MSBuild\14.0\bin\Microsoft.Common.CurrentVersion.targets" 파일에 있는 "BuildCompileTraverse" 대상("BuildCompile" 대상이 종속됨):
       조건이 잘못되어 "MSBuild" 작업을 건너뜁니다. ('$(BuildPassReferences)' == 'true' and '@(ProjectReferenceWithConfiguration)' != '' and '@(_MSBuildProjectReferenceExistent)' != ''  and '%(_MSBuildProjectReferenceExistent.BuildReference)' == 'true')이(가) ('' == 'true' and '' != '' and '' != ''  and '' == 'true')(으)로 확인되었습니다.
     1>"2017Server.vcxproj" 프로젝트에 "BuildCompileTraverse" 대상을 빌드했습니다.
       "PrepareForBuild" 대상을 건너뜁니다. 이전에 빌드되었습니다.
       "ResolveReferences" 대상을 건너뜁니다. 이전에 빌드되었습니다.
     1>"C:\Users\Administrator\Desktop\HW Final\2017Server\2017Server\2017Server.vcxproj" 프로젝트의 "C:\Program Files (x86)\MSBuild\Microsoft.Cpp\v4.0\V140\Microsoft.CppBuild.targets" 파일에 있는 "BeforeClCompile" 대상("_ClCompile" 대상이 종속됨):
     1>"2017Server.vcxproj" 프로젝트에 "BeforeClCompile" 대상을 빌드했습니다.
       "ComputeMIDLGeneratedCompileInputs" 대상을 건너뜁니다. 이전에 빌드되었습니다.
     1>"C:\Users\Administrator\Desktop\HW Final\2017Server\2017Server\2017Server.vcxproj" 프로젝트의 "C:\Program Files (x86)\MSBuild\Microsoft.Cpp\v4.0\V140\Microsoft.CppBuild.targets" 파일에 있는 "ComputeCLInputPDBName" 대상("_ClCompile" 대상이 종속됨):
     1>"2017Server.vcxproj" 프로젝트에 "ComputeCLInputPDBName" 대상을 빌드했습니다.
       "ResolveReferences" 대상을 건너뜁니다. 이전에 빌드되었습니다.
     1>"C:\Users\Administrator\Desktop\HW Final\2017Server\2017Server\2017Server.vcxproj" 프로젝트의 "C:\Program Files (x86)\MSBuild\Microsoft.Cpp\v4.0\V140\Microsoft.CppBuild.targets" 파일에 있는 "ComputeReferenceCLInput" 대상("_ClCompile" 대상이 종속됨):
       조건이 잘못되어 "WriteLinesToFile" 작업을 건너뜁니다. (('@(_ReferenceCopyLocalPaths)'!='') and '$(DesignTimeBuild)' != 'true')이(가) ((''!='') and '' != 'true')(으)로 확인되었습니다.
       조건이 잘못되어 "Message" 작업을 건너뜁니다. ('$(_REFERENCE_DEBUG)'=='true')이(가) (''=='true')(으)로 확인되었습니다.
     1>"2017Server.vcxproj" 프로젝트에 "ComputeReferenceCLInput" 대상을 빌드했습니다.
     1>"C:\Users\Administrator\Desktop\HW Final\2017Server\2017Server\2017Server.vcxproj" 프로젝트의 "C:\Program Files (x86)\MSBuild\Microsoft.Cpp\v4.0\V140\Microsoft.CppBuild.targets" 파일에 있는 "WarnCompileDuplicatedFilename" 대상("_ClCompile" 대상이 종속됨):
       조건이 잘못되어 "VCMessage" 작업을 건너뜁니다. ('%(ClCompile.ExcludedFromBuild)' != 'true' and '%(Filename)%(Extension)' != '@(ClCompile->'%(Filename)%(Extension)')' and '%(ObjectFileName)' == '@(ClCompile->Metadata(ObjectFileName)->Distinct())')이(가) ('' != 'true' and 'server_main.cpp' != 'server_main.cpp' and 'x64\Release\' == 'x64\Release\')(으)로 확인되었습니다.
     1>"2017Server.vcxproj" 프로젝트에 "WarnCompileDuplicatedFilename" 대상을 빌드했습니다.
     1>"C:\Users\Administrator\Desktop\HW Final\2017Server\2017Server\2017Server.vcxproj" 프로젝트의 "C:\Program Files (x86)\MSBuild\Microsoft.Cpp\v4.0\V140\Microsoft.CppCommon.targets" 파일에 있는 "FixupCLCompileOptions" 대상("_ClCompile" 대상이 종속됨):
     1>"2017Server.vcxproj" 프로젝트에 "FixupCLCompileOptions" 대상을 빌드했습니다.
     1>"C:\Users\Administrator\Desktop\HW Final\2017Server\2017Server\2017Server.vcxproj" 프로젝트의 "C:\Program Files (x86)\MSBuild\Microsoft.Cpp\v4.0\V140\Microsoft.CppBuild.targets" 파일에 있는 "MakeDirsForCl" 대상("_ClCompile" 대상이 종속됨):
       "MakeDir" 작업
       "MakeDir" 작업을 실행했습니다.
     1>"2017Server.vcxproj" 프로젝트에 "MakeDirsForCl" 대상을 빌드했습니다.
       "PrepareForBuild" 대상을 건너뜁니다. 이전에 빌드되었습니다.
       "SetBuildDefaultEnvironmentVariables" 대상을 건너뜁니다. 이전에 빌드되었습니다.
       조건이 잘못되어 "SetUserMacroEnvironmentVariables" 대상을 건너뜁니다. ('@(BuildMacro)' != '' and '$(DesignTimeBuild)' != 'true')이(가) ('' != '' and '' != 'true')(으)로 확인되었습니다.
     1>"C:\Users\Administrator\Desktop\HW Final\2017Server\2017Server\2017Server.vcxproj" 프로젝트의 "C:\Program Files (x86)\MSBuild\Microsoft.Cpp\v4.0\V140\Microsoft.CppBuild.targets" 파일에 있는 "_SelectedFiles" 대상("SelectClCompile" 대상이 종속됨):
     1>"2017Server.vcxproj" 프로젝트에 "_SelectedFiles" 대상을 빌드했습니다.
       "ComputeMIDLGeneratedCompileInputs" 대상을 건너뜁니다. 이전에 빌드되었습니다.
       "ComputeCLInputPDBName" 대상을 건너뜁니다. 이전에 빌드되었습니다.
       "ComputeReferenceCLInput" 대상을 건너뜁니다. 이전에 빌드되었습니다.
       "WarnCompileDuplicatedFilename" 대상을 건너뜁니다. 이전에 빌드되었습니다.
       "FixupCLCompileOptions" 대상을 건너뜁니다. 이전에 빌드되었습니다.
       "_SelectedFiles" 대상을 건너뜁니다. 이전에 빌드되었습니다.
     1>"C:\Users\Administrator\Desktop\HW Final\2017Server\2017Server\2017Server.vcxproj" 프로젝트의 "C:\Program Files (x86)\MSBuild\Microsoft.Cpp\v4.0\V140\Microsoft.CppBuild.targets" 파일에 있는 "SelectCustomBuild" 대상("SelectClCompile" 대상이 종속됨):
     1>"2017Server.vcxproj" 프로젝트에 "SelectCustomBuild" 대상을 빌드했습니다.
     1>"C:\Users\Administrator\Desktop\HW Final\2017Server\2017Server\2017Server.vcxproj" 프로젝트의 "C:\Program Files (x86)\MSBuild\Microsoft.Cpp\v4.0\V140\Microsoft.CppBuild.targets" 파일에 있는 "SelectClCompile" 대상("ClCompile" 대상이 종속됨):
     1>"2017Server.vcxproj" 프로젝트에 "SelectClCompile" 대상을 빌드했습니다.
       조건이 잘못되어 "GenerateTargetFrameworkMonikerAttribute" 대상을 건너뜁니다. ('$(GenerateTargetFrameworkAttribute)' == 'true')이(가) ('false' == 'true')(으)로 확인되었습니다.
       조건이 잘못되어 "ManagedIncrementalBuildPreProcessDependencyGraph" 대상을 건너뜁니다. ('@(ClCompile)' != '' and '$(EnableManagedIncrementalBuild)' == 'True')이(가) ('server_main.cpp' != '' and 'false' == 'True')(으)로 확인되었습니다.
     1>"C:\Users\Administrator\Desktop\HW Final\2017Server\2017Server\2017Server.vcxproj" 프로젝트의 "C:\Program Files (x86)\MSBuild\Microsoft.Cpp\v4.0\V140\Microsoft.CppCommon.targets" 파일에 있는 "ClCompile" 대상("_ClCompile" 대상이 종속됨):
       조건이 잘못되어 "Delete" 작업을 건너뜁니다. ('%(ClCompile.DebugInformationFormat)' != '' and '%(ClCompile.DebugInformationFormat)' != 'None' and '%(ClCompile.DebugInformationFormat)' != 'OldStyle' and '%(ClCompile.ProgramDataBaseFileName)' != '' and !Exists(%(ClCompile.ProgramDataBaseFileName)))이(가) ('ProgramDatabase' != '' and 'ProgramDatabase' != 'None' and 'ProgramDatabase' != 'OldStyle' and 'x64\Release\vc140.pdb' != '' and !Exists(x64\Release\vc140.pdb))(으)로 확인되었습니다.
       조건이 잘못되어 "CL" 작업을 건너뜁니다. ('%(ClCompile.PrecompiledHeader)' == 'Create' and '%(ClCompile.ExcludedFromBuild)'!='true' and '%(ClCompile.CompilerIteration)' == '')이(가) ('' == 'Create' and ''!='true' and '' == '')(으)로 확인되었습니다.
       "C:\Program Files (x86)\MSBuild\Microsoft.Cpp\v4.0\V140\Microsoft.Build.CppTasks.Common.dll" 어셈블리에서 "CL" 작업을 사용합니다.
       "CL" 작업
         읽기 추적 로그:
         	x64\Release\2017Server.tlog\CL.read.1.tlog
         C:\USERS\ADMINISTRATOR\DESKTOP\HW FINAL\2017SERVER\2017SERVER\SERVER_MAIN.CPP에 대한 출력:
         	C:\USERS\ADMINISTRATOR\DESKTOP\HW FINAL\2017SERVER\2017SERVER\X64\RELEASE\SERVER_MAIN.OBJ
         C:\USERS\ADMINISTRATOR\DESKTOP\HW FINAL\2017SERVER\2017SERVER\PROTOCOL.H이(가) 2017-06-20 오후 7:55:40에서 수정되었기 때문에 server_main.cpp이(가) 컴파일됩니다.
         C:\USERS\ADMINISTRATOR\DESKTOP\HW FINAL\2017SERVER\2017SERVER\SERVER_MAIN.CPP에 대한 출력:
         	C:\USERS\ADMINISTRATOR\DESKTOP\HW FINAL\2017SERVER\2017SERVER\X64\RELEASE\SERVER_MAIN.OBJ
         쓰기 추적 로그:
         	x64\Release\2017Server.tlog\CL.write.1.tlog
         도구로 전달된 환경 변수:
           VS_UNICODE_OUTPUT=1352
         C:\Program Files (x86)\Microsoft Visual Studio 14.0\VC\bin\x86_amd64\CL.exe /c /Zi /nologo /W3 /WX- /O2 /Oi /GL /D NDEBUG /D _CONSOLE /D _UNICODE /D UNICODE /Gm- /EHsc /MD /GS /Gy /fp:precise /Zc:wchar_t /Zc:forScope /Zc:inline /Fo"x64\Release\\" /Fd"x64\Release\vc140.pdb" /Gd /TP /errorReport:prompt server_main.cpp
         Tracking command:
         C:\Program Files (x86)\MSBuild\14.0\bin\Tracker.exe /d "C:\Program Files (x86)\MSBuild\14.0\bin\FileTracker32.dll" /i "C:\Users\Administrator\Desktop\HW Final\2017Server\2017Server\x64\Release\2017Server.tlog" /r "C:\USERS\ADMINISTRATOR\DESKTOP\HW FINAL\2017SERVER\2017SERVER\SERVER_MAIN.CPP" /b MSBuildConsole_CancelEvent166e8d65db7642758c392c0d755c84b6  /c "C:\Program Files (x86)\Microsoft Visual Studio 14.0\VC\bin\x86_amd64\CL.exe"  /c /Zi /nologo /W3 /WX- /O2 /Oi /GL /D NDEBUG /D _CONSOLE /D _UNICODE /D UNICODE /Gm- /EHsc /MD /GS /Gy /fp:precise /Zc:wchar_t /Zc:forScope /Zc:inline /Fo"x64\Release\\" /Fd"x64\Release\vc140.pdb" /Gd /TP /errorReport:prompt server_main.cpp
         server_main.cpp
     1>server_main.cpp(203): warning C4244: '초기화 중': 'lua_Number'에서 'int'(으)로 변환하면서 데이터가 손실될 수 있습니다.
     1>server_main.cpp(211): warning C4244: '초기화 중': 'lua_Number'에서 'int'(으)로 변환하면서 데이터가 손실될 수 있습니다.
     1>server_main.cpp(219): warning C4244: '초기화 중': 'lua_Number'에서 'int'(으)로 변환하면서 데이터가 손실될 수 있습니다.
     1>server_main.cpp(233): warning C4244: '초기화 중': 'lua_Number'에서 'int'(으)로 변환하면서 데이터가 손실될 수 있습니다.
     1>server_main.cpp(234): warning C4244: '초기화 중': 'lua_Number'에서 'int'(으)로 변환하면서 데이터가 손실될 수 있습니다.
     1>server_main.cpp(519): warning C4996: 'wcscpy': This function or variable may be unsafe. Consider using wcscpy_s instead. To disable deprecation, use _CRT_SECURE_NO_WARNINGS. See online help for details.
         C:\Program Files (x86)\Windows Kits\10\Include\10.0.10240.0\ucrt\corecrt_wstring.h(121): note: 'wcscpy' 선언을 참조하십시오.
     1>server_main.cpp(935): warning C4267: '인수': 'size_t'에서 'int'(으)로 변환하면서 데이터가 손실될 수 있습니다.
     1>server_main.cpp(931): warning C4996: 'sprintf': This function or variable may be unsafe. Consider using sprintf_s instead. To disable deprecation, use _CRT_SECURE_NO_WARNINGS. See online help for details.
         C:\Program Files (x86)\Windows Kits\10\Include\10.0.10240.0\ucrt\stdio.h(1769): note: 'sprintf' 선언을 참조하십시오.
     1>server_main.cpp(959): warning C4477: 'printf' : 서식 문자열 '%s'에 'char *' 형식의 인수가 필요하지만 variadic 인수 1의 형식이 'SQLWCHAR *'입니다.
         server_main.cpp(959): note: 서식 문자열에서 '%ls'을(를) 사용하는 것이 좋습니다.
         server_main.cpp(959): note: 서식 문자열에서 '%lls'을(를) 사용하는 것이 좋습니다.
         server_main.cpp(959): note: 서식 문자열에서 '%Ls'을(를) 사용하는 것이 좋습니다.
         server_main.cpp(959): note: 서식 문자열에서 '%ws'을(를) 사용하는 것이 좋습니다.
     1>server_main.cpp(994): warning C4244: '인수': 'unsigned __int64'에서 'int'(으)로 변환하면서 데이터가 손실될 수 있습니다.
     1>server_main.cpp(999): warning C4244: '인수': 'unsigned __int64'에서 'int'(으)로 변환하면서 데이터가 손실될 수 있습니다.
     1>server_main.cpp(1041): warning C4244: '인수': 'unsigned __int64'에서 'int'(으)로 변환하면서 데이터가 손실될 수 있습니다.
     1>server_main.cpp(1061): warning C4244: '인수': 'unsigned __int64'에서 'int'(으)로 변환하면서 데이터가 손실될 수 있습니다.
     1>server_main.cpp(1065): warning C4244: '인수': 'unsigned __int64'에서 'int'(으)로 변환하면서 데이터가 손실될 수 있습니다.
     1>server_main.cpp(1100): warning C4996: 'strcpy': This function or variable may be unsafe. Consider using strcpy_s instead. To disable deprecation, use _CRT_SECURE_NO_WARNINGS. See online help for details.
         C:\Program Files (x86)\Windows Kits\10\Include\10.0.10240.0\ucrt\string.h(119): note: 'strcpy' 선언을 참조하십시오.
     1>server_main.cpp(1127): warning C4267: '인수': 'size_t'에서 'int'(으)로 변환하면서 데이터가 손실될 수 있습니다.
     1>server_main.cpp(1173): warning C4996: 'strcpy': This function or variable may be unsafe. Consider using strcpy_s instead. To disable deprecation, use _CRT_SECURE_NO_WARNINGS. See online help for details.
         C:\Program Files (x86)\Windows Kits\10\Include\10.0.10240.0\ucrt\string.h(119): note: 'strcpy' 선언을 참조하십시오.
     1>server_main.cpp(1126): warning C4996: 'sprintf': This function or variable may be unsafe. Consider using sprintf_s instead. To disable deprecation, use _CRT_SECURE_NO_WARNINGS. See online help for details.
         C:\Program Files (x86)\Windows Kits\10\Include\10.0.10240.0\ucrt\stdio.h(1769): note: 'sprintf' 선언을 참조하십시오.
     1>server_main.cpp(1237): warning C4244: '초기화 중': '__int64'에서 'int'(으)로 변환하면서 데이터가 손실될 수 있습니다.
       "CL" 작업을 실행했습니다.
     1>"2017Server.vcxproj" 프로젝트에 "ClCompile" 대상을 빌드했습니다.
       조건이 잘못되어 "ManagedIncrementalBuildPostProcessDependencyGraph" 대상을 건너뜁니다. ('@(ClCompile)' != '' and '$(EnableManagedIncrementalBuild)' == 'True')이(가) ('server_main.cpp' != '' and 'false' == 'True')(으)로 확인되었습니다.
     1>"C:\Users\Administrator\Desktop\HW Final\2017Server\2017Server\2017Server.vcxproj" 프로젝트의 "C:\Program Files (x86)\MSBuild\Microsoft.Cpp\v4.0\V140\Microsoft.CppBuild.targets" 파일에 있는 "AfterClCompile" 대상("_ClCompile" 대상이 종속됨):
     1>"2017Server.vcxproj" 프로젝트에 "AfterClCompile" 대상을 빌드했습니다.
     1>"C:\Users\Administrator\Desktop\HW Final\2017Server\2017Server\2017Server.vcxproj" 프로젝트의 "C:\Program Files (x86)\MSBuild\Microsoft.Cpp\v4.0\V140\Microsoft.CppBuild.targets" 파일에 있는 "_ClCompile" 대상("_BuildCompileAction" 대상이 종속됨):
     1>"2017Server.vcxproj" 프로젝트에 "_ClCompile" 대상을 빌드했습니다.
       조건이 잘못되어 "_ResGen" 대상을 건너뜁니다. ('@(EmbeddedResource)'!='')이(가) (''!='')(으)로 확인되었습니다.
     1>"C:\Users\Administrator\Desktop\HW Final\2017Server\2017Server\2017Server.vcxproj" 프로젝트의 "C:\Program Files (x86)\MSBuild\Microsoft.Cpp\v4.0\V140\Microsoft.CppBuild.targets" 파일에 있는 "BeforeResourceCompile" 대상("_ResourceCompile" 대상이 종속됨):
     1>"2017Server.vcxproj" 프로젝트에 "BeforeResourceCompile" 대상을 빌드했습니다.
     1>"C:\Users\Administrator\Desktop\HW Final\2017Server\2017Server\2017Server.vcxproj" 프로젝트의 "C:\Program Files (x86)\MSBuild\Microsoft.Cpp\v4.0\V140\Microsoft.CppBuild.targets" 파일에 있는 "MakeDirsForResourceCompile" 대상("_ResourceCompile" 대상이 종속됨):
       "MakeDir" 작업
       "MakeDir" 작업을 실행했습니다.
     1>"2017Server.vcxproj" 프로젝트에 "MakeDirsForResourceCompile" 대상을 빌드했습니다.
       조건이 잘못되어 "ResourceCompile" 대상을 건너뜁니다. ('@(ResourceCompile)' != '')이(가) ('' != '')(으)로 확인되었습니다.
     1>"C:\Users\Administrator\Desktop\HW Final\2017Server\2017Server\2017Server.vcxproj" 프로젝트의 "C:\Program Files (x86)\MSBuild\Microsoft.Cpp\v4.0\V140\Microsoft.CppBuild.targets" 파일에 있는 "AfterResourceCompile" 대상("_ResourceCompile" 대상이 종속됨):
     1>"2017Server.vcxproj" 프로젝트에 "AfterResourceCompile" 대상을 빌드했습니다.
     1>"C:\Users\Administrator\Desktop\HW Final\2017Server\2017Server\2017Server.vcxproj" 프로젝트의 "C:\Program Files (x86)\MSBuild\Microsoft.Cpp\v4.0\V140\Microsoft.CppBuild.targets" 파일에 있는 "_ResourceCompile" 대상("_BuildCompileAction" 대상이 종속됨):
     1>"2017Server.vcxproj" 프로젝트에 "_ResourceCompile" 대상을 빌드했습니다.
       조건이 잘못되어 "_ImpLib" 대상을 건너뜁니다. ('$(ImpLibCompiled)' == 'true')이(가) ('' == 'true')(으)로 확인되었습니다.
       조건이 잘못되어 "_Lib" 대상을 건너뜁니다. ('$(LibCompiled)' == 'true')이(가) ('' == 'true')(으)로 확인되었습니다.
     1>"C:\Users\Administrator\Desktop\HW Final\2017Server\2017Server\2017Server.vcxproj" 프로젝트의 "C:\Program Files (x86)\MSBuild\Microsoft.Cpp\v4.0\V140\Microsoft.CppBuild.targets" 파일에 있는 "AfterBuildCompileEvent" 대상("_BuildCompileAction" 대상이 종속됨):
     1>"2017Server.vcxproj" 프로젝트에 "AfterBuildCompileEvent" 대상을 빌드했습니다.
     1>"C:\Users\Administrator\Desktop\HW Final\2017Server\2017Server\2017Server.vcxproj" 프로젝트의 "C:\Program Files (x86)\MSBuild\Microsoft.Cpp\v4.0\V140\Microsoft.CppBuild.targets" 파일에 있는 "_BuildCompileAction" 대상("BuildCompile" 대상이 종속됨):
     1>"2017Server.vcxproj" 프로젝트에 "_BuildCompileAction" 대상을 빌드했습니다.
     1>"C:\Users\Administrator\Desktop\HW Final\2017Server\2017Server\2017Server.vcxproj" 프로젝트의 "C:\Program Files (x86)\MSBuild\14.0\bin\Microsoft.Common.CurrentVersion.targets" 파일에 있는 "BuildCompile" 대상("Build" 대상이 종속됨):
     1>"2017Server.vcxproj" 프로젝트에 "BuildCompile" 대상을 빌드했습니다.
       "AssignProjectConfiguration" 대상을 건너뜁니다. 이전에 빌드되었습니다.
       "_SplitProjectReferencesByFileExistence" 대상을 건너뜁니다. 이전에 빌드되었습니다.
     1>"C:\Users\Administrator\Desktop\HW Final\2017Server\2017Server\2017Server.vcxproj" 프로젝트의 "C:\Program Files (x86)\MSBuild\14.0\bin\Microsoft.Common.CurrentVersion.targets" 파일에 있는 "BuildLinkTraverse" 대상("BuildLink" 대상이 종속됨):
       조건이 잘못되어 "MSBuild" 작업을 건너뜁니다. ('$(BuildPassReferences)' == 'true' and '@(ProjectReferenceWithConfiguration)' != '' and '@(_MSBuildProjectReferenceExistent)' != ''  and '%(_MSBuildProjectReferenceExistent.BuildReference)' == 'true')이(가) ('' == 'true' and '' != '' and '' != ''  and '' == 'true')(으)로 확인되었습니다.
     1>"2017Server.vcxproj" 프로젝트에 "BuildLinkTraverse" 대상을 빌드했습니다.
       "PrepareForBuild" 대상을 건너뜁니다. 이전에 빌드되었습니다.
       "ResolveReferences" 대상을 건너뜁니다. 이전에 빌드되었습니다.
     1>"C:\Users\Administrator\Desktop\HW Final\2017Server\2017Server\2017Server.vcxproj" 프로젝트의 "C:\Program Files (x86)\MSBuild\Microsoft.Cpp\v4.0\V140\Microsoft.CppBuild.targets" 파일에 있는 "ComputeLegacyManifestEmbedding" 대상("_BuildLinkAction" 대상이 종속됨):
       조건이 잘못되어 "VCMessage" 작업을 건너뜁니다. ('$(RevertManifestEmbedding)' == 'true' and '$(_LegacyManifestEmbeddingDebug)' == 'true')이(가) ('' == 'true' and '' == 'true')(으)로 확인되었습니다.
     1>"2017Server.vcxproj" 프로젝트에 "ComputeLegacyManifestEmbedding" 대상을 빌드했습니다.
     1>"C:\Users\Administrator\Desktop\HW Final\2017Server\2017Server\2017Server.vcxproj" 프로젝트의 "C:\Program Files (x86)\MSBuild\Microsoft.Cpp\v4.0\V140\Microsoft.CppBuild.targets" 파일에 있는 "BeforeLink" 대상("_Link" 대상이 종속됨):
     1>"2017Server.vcxproj" 프로젝트에 "BeforeLink" 대상을 빌드했습니다.
     1>"C:\Users\Administrator\Desktop\HW Final\2017Server\2017Server\2017Server.vcxproj" 프로젝트의 "C:\Program Files (x86)\MSBuild\Microsoft.Cpp\v4.0\V140\Microsoft.CppBuild.targets" 파일에 있는 "ComputeRCOutputs" 대상("ComputeRCGeneratedLinkInputs" 대상이 종속됨):
     1>"2017Server.vcxproj" 프로젝트에 "ComputeRCOutputs" 대상을 빌드했습니다.
     1>"C:\Users\Administrator\Desktop\HW Final\2017Server\2017Server\2017Server.vcxproj" 프로젝트의 "C:\Program Files (x86)\MSBuild\Microsoft.Cpp\v4.0\V140\Microsoft.CppBuild.targets" 파일에 있는 "ComputeRCGeneratedLinkInputs" 대상("_Link" 대상이 종속됨):
     1>"2017Server.vcxproj" 프로젝트에 "ComputeRCGeneratedLinkInputs" 대상을 빌드했습니다.
     1>"C:\Users\Administrator\Desktop\HW Final\2017Server\2017Server\2017Server.vcxproj" 프로젝트의 "C:\Program Files (x86)\MSBuild\Microsoft.Cpp\v4.0\V140\Microsoft.CppBuild.targets" 파일에 있는 "ComputeManifestGeneratedLinkerInputs" 대상("_Link" 대상이 종속됨):
     1>"2017Server.vcxproj" 프로젝트에 "ComputeManifestGeneratedLinkerInputs" 대상을 빌드했습니다.
     1>"C:\Users\Administrator\Desktop\HW Final\2017Server\2017Server\2017Server.vcxproj" 프로젝트의 "C:\Program Files (x86)\MSBuild\Microsoft.Cpp\v4.0\V140\Microsoft.CppBuild.targets" 파일에 있는 "ComputeCustomBuildOutput" 대상("_Link" 대상이 종속됨):
       조건이 잘못되어 "CreateItem" 작업을 건너뜁니다. ('%(CustomBuildDirsToMake.OutputFileToTool)'!='')이(가) (''!='')(으)로 확인되었습니다.
       "MakeDir" 작업
       "MakeDir" 작업을 실행했습니다.
     1>"2017Server.vcxproj" 프로젝트에 "ComputeCustomBuildOutput" 대상을 빌드했습니다.
       "ComputeMIDLGeneratedCompileInputs" 대상을 건너뜁니다. 이전에 빌드되었습니다.
       "ComputeCLInputPDBName" 대상을 건너뜁니다. 이전에 빌드되었습니다.
       "ComputeReferenceCLInput" 대상을 건너뜁니다. 이전에 빌드되었습니다.
       "WarnCompileDuplicatedFilename" 대상을 건너뜁니다. 이전에 빌드되었습니다.
       "FixupCLCompileOptions" 대상을 건너뜁니다. 이전에 빌드되었습니다.
     1>"C:\Users\Administrator\Desktop\HW Final\2017Server\2017Server\2017Server.vcxproj" 프로젝트의 "C:\Program Files (x86)\MSBuild\Microsoft.Cpp\v4.0\V140\Microsoft.CppBuild.targets" 파일에 있는 "ComputeCLOutputs" 대상("ComputeCLGeneratedLinkInputs" 대상이 종속됨):
     1>"2017Server.vcxproj" 프로젝트에 "ComputeCLOutputs" 대상을 빌드했습니다.
     1>"C:\Users\Administrator\Desktop\HW Final\2017Server\2017Server\2017Server.vcxproj" 프로젝트의 "C:\Program Files (x86)\MSBuild\Microsoft.Cpp\v4.0\V140\Microsoft.CppBuild.targets" 파일에 있는 "ComputeCLGeneratedLinkInputs" 대상("_Link" 대상이 종속됨):
     1>"2017Server.vcxproj" 프로젝트에 "ComputeCLGeneratedLinkInputs" 대상을 빌드했습니다.
     1>"C:\Users\Administrator\Desktop\HW Final\2017Server\2017Server\2017Server.vcxproj" 프로젝트의 "C:\Program Files (x86)\MSBuild\Microsoft.Cpp\v4.0\V140\Microsoft.CppBuild.targets" 파일에 있는 "ComputeLinkInputsFromProject" 대상("_Link" 대상이 종속됨):
     1>"2017Server.vcxproj" 프로젝트에 "ComputeLinkInputsFromProject" 대상을 빌드했습니다.
       조건이 잘못되어 "ComputeReferenceLinkInputs" 대상을 건너뜁니다. (@(ProjectReference) != '')이(가) ( != '')(으)로 확인되었습니다.
     1>"C:\Users\Administrator\Desktop\HW Final\2017Server\2017Server\2017Server.vcxproj" 프로젝트의 "C:\Program Files (x86)\MSBuild\Microsoft.Cpp\v4.0\V140\Microsoft.CppBuild.targets" 파일에 있는 "ComputeManifestInputsTargets" 대상("_Link" 대상이 종속됨):
     1>"2017Server.vcxproj" 프로젝트에 "ComputeManifestInputsTargets" 대상을 빌드했습니다.
       조건이 잘못되어 "ManifestResourceCompile" 대상을 건너뜁니다. ('$(EmbedManifestBy)' == 'LINK' and '@(Manifest)' != '')이(가) ('MT' == 'LINK' and '' != '')(으)로 확인되었습니다.
       조건이 잘못되어 "AssignWinFXEmbeddedResource" 대상을 건너뜁니다. ('@(WinFXEmbeddedResource)' != '')이(가) ('' != '')(으)로 확인되었습니다.
     1>"C:\Users\Administrator\Desktop\HW Final\2017Server\2017Server\2017Server.vcxproj" 프로젝트의 "C:\Program Files (x86)\MSBuild\14.0\bin\Microsoft.Common.CurrentVersion.targets" 파일에 있는 "AssignTargetPaths" 대상("PrepareResourceNames" 대상이 종속됨):
       "Microsoft.Build.Tasks.Core, Version=14.0.0.0, Culture=neutral, PublicKeyToken=b03f5f7f11d50a3a" 어셈블리에서 "AssignTargetPath" 작업을 사용합니다.
       "AssignTargetPath" 작업
       "AssignTargetPath" 작업을 실행했습니다.
       "AssignTargetPath" 작업
       "AssignTargetPath" 작업을 실행했습니다.
       "AssignTargetPath" 작업
       "AssignTargetPath" 작업을 실행했습니다.
       "AssignTargetPath" 작업
       "AssignTargetPath" 작업을 실행했습니다.
       조건이 잘못되어 "AssignTargetPath" 작업을 건너뜁니다. ('@(_DeploymentBaseManifestWithTargetPath)'=='' and '%(None.Extension)'=='.manifest')이(가) (''=='' and '.lua'=='.manifest')(으)로 확인되었습니다.
     1>"2017Server.vcxproj" 프로젝트에 "AssignTargetPaths" 대상을 빌드했습니다.
       "AssignTargetPaths" 대상을 건너뜁니다. 이전에 빌드되었습니다.
     1>"C:\Users\Administrator\Desktop\HW Final\2017Server\2017Server\2017Server.vcxproj" 프로젝트의 "C:\Program Files (x86)\MSBuild\14.0\bin\Microsoft.Common.CurrentVersion.targets" 파일에 있는 "SplitResourcesByCulture" 대상("PrepareResourceNames" 대상이 종속됨):
       조건이 잘못되어 "Warning" 작업을 건너뜁니다. ('@(ResxWithNoCulture)'!='')이(가) (''!='')(으)로 확인되었습니다.
       조건이 잘못되어 "Warning" 작업을 건너뜁니다. ('@(ResxWithCulture)'!='')이(가) (''!='')(으)로 확인되었습니다.
       조건이 잘못되어 "Warning" 작업을 건너뜁니다. ('@(NonResxWithCulture)'!='')이(가) (''!='')(으)로 확인되었습니다.
       조건이 잘못되어 "Warning" 작업을 건너뜁니다. ('@(NonResxWithNoCulture)'!='')이(가) (''!='')(으)로 확인되었습니다.
       "Microsoft.Build.Tasks.Core, Version=14.0.0.0, Culture=neutral, PublicKeyToken=b03f5f7f11d50a3a" 어셈블리에서 "AssignCulture" 작업을 사용합니다.
       "AssignCulture" 작업
       "AssignCulture" 작업을 실행했습니다.
     1>"2017Server.vcxproj" 프로젝트에 "SplitResourcesByCulture" 대상을 빌드했습니다.
       조건이 잘못되어 "CreateManifestResourceNames" 대상을 건너뜁니다. ('@(EmbeddedResource)' != '')이(가) ('' != '')(으)로 확인되었습니다.
     1>"C:\Users\Administrator\Desktop\HW Final\2017Server\2017Server\2017Server.vcxproj" 프로젝트의 "C:\Program Files (x86)\MSBuild\14.0\bin\Microsoft.Common.CurrentVersion.targets" 파일에 있는 "CreateCustomManifestResourceNames" 대상("PrepareResourceNames" 대상이 종속됨):
     1>"2017Server.vcxproj" 프로젝트에 "CreateCustomManifestResourceNames" 대상을 빌드했습니다.
     1>"C:\Users\Administrator\Desktop\HW Final\2017Server\2017Server\2017Server.vcxproj" 프로젝트의 "C:\Program Files (x86)\MSBuild\14.0\bin\Microsoft.Common.CurrentVersion.targets" 파일에 있는 "PrepareResourceNames" 대상("_Link" 대상이 종속됨):
     1>"2017Server.vcxproj" 프로젝트에 "PrepareResourceNames" 대상을 빌드했습니다.
     1>"C:\Users\Administrator\Desktop\HW Final\2017Server\2017Server\2017Server.vcxproj" 프로젝트의 "C:\Program Files (x86)\MSBuild\Microsoft.Cpp\v4.0\V140\Microsoft.CppBuild.targets" 파일에 있는 "MakeDirsForLink" 대상("_Link" 대상이 종속됨):
       "MakeDir" 작업
       "MakeDir" 작업을 실행했습니다.
     1>"2017Server.vcxproj" 프로젝트에 "MakeDirsForLink" 대상을 빌드했습니다.
     1>"C:\Users\Administrator\Desktop\HW Final\2017Server\2017Server\2017Server.vcxproj" 프로젝트의 "C:\Program Files (x86)\MSBuild\Microsoft.Cpp\v4.0\V140\Microsoft.CppBuild.targets" 파일에 있는 "DoLinkOutputFilesMatch" 대상("_Link" 대상이 종속됨):
       조건이 잘못되어 "VCMessage" 작업을 건너뜁니다. ('@(_OutputFileFromLink)' == '')이(가) ('C:\Users\Administrator\Desktop\HW Final\2017Server\x64\Release\2017Server.exe' == '')(으)로 확인되었습니다.
       조건이 잘못되어 "VCMessage" 작업을 건너뜁니다. ('@(_OutputFileFromLink)' != '' and '%(_OutputFileFromLink.FullPath)' != '$([System.IO.Path]::GetFullPath($(TargetPath)))')이(가) ('C:\Users\Administrator\Desktop\HW Final\2017Server\x64\Release\2017Server.exe' != '' and 'C:\Users\Administrator\Desktop\HW Final\2017Server\x64\Release\2017Server.exe' != 'C:\Users\Administrator\Desktop\HW Final\2017Server\x64\Release\2017Server.exe')(으)로 확인되었습니다.
       조건이 잘못되어 "VCMessage" 작업을 건너뜁니다. ('@(_OutputFileFromLink)' != '' and '%(_OutputFileFromLink.Extension)' != '' and '%(_OutputFileFromLink.Extension)' != '$(TargetExt)')이(가) ('C:\Users\Administrator\Desktop\HW Final\2017Server\x64\Release\2017Server.exe' != '' and '.exe' != '' and '.exe' != '.exe')(으)로 확인되었습니다.
       조건이 잘못되어 "VCMessage" 작업을 건너뜁니다. ('@(_OutputFileFromLink)' != '' and '%(_OutputFileFromLink.Filename)' != '' and '%(_OutputFileFromLink.Filename)' != '$(TargetName)')이(가) ('C:\Users\Administrator\Desktop\HW Final\2017Server\x64\Release\2017Server.exe' != '' and '2017Server' != '' and '2017Server' != '2017Server')(으)로 확인되었습니다.
       조건이 잘못되어 "VCMessage" 작업을 건너뜁니다. ('%(Link.MinimumRequiredVersion)' != '' and ('%(Link.Subsystem)' == '' or '%(Link.Subsystem)' == 'NotSet'))이(가) ('' != '' and ('Console' == '' or 'Console' == 'NotSet'))(으)로 확인되었습니다.
     1>"2017Server.vcxproj" 프로젝트에 "DoLinkOutputFilesMatch" 대상을 빌드했습니다.
     1>"C:\Users\Administrator\Desktop\HW Final\2017Server\2017Server\2017Server.vcxproj" 프로젝트의 "C:\Program Files (x86)\MSBuild\Microsoft.Cpp\v4.0\V140\Microsoft.CppCommon.targets" 파일에 있는 "PreLinkEvent" 대상("_Link" 대상이 종속됨):
       조건이 잘못되어 "Message" 작업을 건너뜁니다. ('%(PreLinkEvent.Message)' != '' and '%(PreLinkEvent.Command)' != '')이(가) ('' != '' and '' != '')(으)로 확인되었습니다.
       조건이 잘못되어 "Exec" 작업을 건너뜁니다. ('%(PreLinkEvent.Command)' != '')이(가) ('' != '')(으)로 확인되었습니다.
     1>"2017Server.vcxproj" 프로젝트에 "PreLinkEvent" 대상을 빌드했습니다.
     1>"C:\Users\Administrator\Desktop\HW Final\2017Server\2017Server\2017Server.vcxproj" 프로젝트의 "C:\Program Files (x86)\MSBuild\Microsoft.Cpp\v4.0\V140\Microsoft.CppCommon.targets" 파일에 있는 "ComputeLinkSwitches" 대상("Link" 대상이 종속됨):
     1>"2017Server.vcxproj" 프로젝트에 "ComputeLinkSwitches" 대상을 빌드했습니다.
     1>"C:\Users\Administrator\Desktop\HW Final\2017Server\2017Server\2017Server.vcxproj" 프로젝트의 "C:\Program Files (x86)\MSBuild\Microsoft.Cpp\v4.0\V140\Microsoft.CppCommon.targets" 파일에 있는 "Link" 대상("_Link" 대상이 종속됨):
       "C:\Program Files (x86)\MSBuild\Microsoft.Cpp\v4.0\V140\Microsoft.Build.CppTasks.Common.dll" 어셈블리에서 "Link" 작업을 사용합니다.
       "Link" 작업
         쓰기 추적 로그:
         	x64\Release\2017Server.tlog\link.write.1.tlog
         읽기 추적 로그:
         	x64\Release\2017Server.tlog\link.read.1.tlog
         C:\USERS\ADMINISTRATOR\DESKTOP\HW FINAL\2017SERVER\2017SERVER\LUA53.LIB|C:\USERS\ADMINISTRATOR\DESKTOP\HW FINAL\2017SERVER\2017SERVER\X64\RELEASE\SERVER_MAIN.OBJ에 대한 출력:
         	C:\USERS\ADMINISTRATOR\DESKTOP\HW FINAL\2017SERVER\X64\RELEASE\2017SERVER.EXE
         	C:\USERS\ADMINISTRATOR\DESKTOP\HW FINAL\2017SERVER\X64\RELEASE\2017SERVER.IPDB
         	C:\USERS\ADMINISTRATOR\DESKTOP\HW FINAL\2017SERVER\X64\RELEASE\2017SERVER.IOBJ
         	C:\USERS\ADMINISTRATOR\DESKTOP\HW FINAL\2017SERVER\X64\RELEASE\2017SERVER.PDB
         C:\USERS\ADMINISTRATOR\DESKTOP\HW FINAL\2017SERVER\2017SERVER\LUA53.LIB|C:\USERS\ADMINISTRATOR\DESKTOP\HW FINAL\2017SERVER\2017SERVER\X64\RELEASE\SERVER_MAIN.OBJ에 대한 입력 내용:
         	C:\WINDOWS\GLOBALIZATION\SORTING\SORTDEFAULT.NLS
         	C:\PROGRAM FILES (X86)\WINDOWS KITS\8.1\LIB\WINV6.3\UM\X64\WS2_32.LIB
         	C:\USERS\ADMINISTRATOR\DESKTOP\HW FINAL\2017SERVER\2017SERVER\LUA53.LIB
         	C:\PROGRAM FILES (X86)\WINDOWS KITS\8.1\LIB\WINV6.3\UM\X64\KERNEL32.LIB
         	C:\PROGRAM FILES (X86)\WINDOWS KITS\8.1\LIB\WINV6.3\UM\X64\USER32.LIB
         	C:\PROGRAM FILES (X86)\WINDOWS KITS\8.1\LIB\WINV6.3\UM\X64\GDI32.LIB
         	C:\PROGRAM FILES (X86)\WINDOWS KITS\8.1\LIB\WINV6.3\UM\X64\WINSPOOL.LIB
         	C:\PROGRAM FILES (X86)\WINDOWS KITS\8.1\LIB\WINV6.3\UM\X64\COMDLG32.LIB
         	C:\PROGRAM FILES (X86)\WINDOWS KITS\8.1\LIB\WINV6.3\UM\X64\ADVAPI32.LIB
         	C:\PROGRAM FILES (X86)\WINDOWS KITS\8.1\LIB\WINV6.3\UM\X64\SHELL32.LIB
         	C:\PROGRAM FILES (X86)\WINDOWS KITS\8.1\LIB\WINV6.3\UM\X64\OLE32.LIB
         	C:\PROGRAM FILES (X86)\WINDOWS KITS\8.1\LIB\WINV6.3\UM\X64\OLEAUT32.LIB
         	C:\PROGRAM FILES (X86)\WINDOWS KITS\8.1\LIB\WINV6.3\UM\X64\UUID.LIB
         	C:\PROGRAM FILES (X86)\WINDOWS KITS\8.1\LIB\WINV6.3\UM\X64\ODBC32.LIB
         	C:\PROGRAM FILES (X86)\WINDOWS KITS\8.1\LIB\WINV6.3\UM\X64\ODBCCP32.LIB
         	C:\USERS\ADMINISTRATOR\DESKTOP\HW FINAL\2017SERVER\2017SERVER\X64\RELEASE\SERVER_MAIN.OBJ
         	C:\PROGRAM FILES (X86)\MICROSOFT VISUAL STUDIO 14.0\VC\BIN\X86_AMD64\C2.DLL
         	C:\PROGRAM FILES (X86)\MICROSOFT VISUAL STUDIO 14.0\VC\LIB\AMD64\MSVCPRT.LIB
         	C:\PROGRAM FILES (X86)\MICROSOFT VISUAL STUDIO 14.0\VC\LIB\AMD64\MSVCRT.LIB
         	C:\PROGRAM FILES (X86)\MICROSOFT VISUAL STUDIO 14.0\VC\LIB\AMD64\OLDNAMES.LIB
         	C:\PROGRAM FILES (X86)\MICROSOFT VISUAL STUDIO 14.0\VC\LIB\AMD64\LIBCMT.LIB
         	C:\PROGRAM FILES (X86)\MICROSOFT VISUAL STUDIO 14.0\VC\LIB\AMD64\VCRUNTIME.LIB
         	C:\PROGRAM FILES (X86)\WINDOWS KITS\10\LIB\10.0.10240.0\UCRT\X64\UCRT.LIB
         	C:\PROGRAM FILES (X86)\MICROSOFT VISUAL STUDIO 14.0\VC\BIN\X86_AMD64\1042\LINKUI.DLL
         	C:\PROGRAM FILES (X86)\WINDOWS KITS\8.1\BIN\X86\RC.EXE
         	C:\PROGRAM FILES (X86)\MICROSOFT VISUAL STUDIO 14.0\VC\BIN\CVTRES.EXE
         	C:\WINDOWS\SYSTEM32\TZRES.DLL
         소스를 컴파일해야 합니다. 입력 내용 C:\USERS\ADMINISTRATOR\DESKTOP\HW FINAL\2017SERVER\2017SERVER\X64\RELEASE\SERVER_MAIN.OBJ이(가) 출력 내용 C:\USERS\ADMINISTRATOR\DESKTOP\HW FINAL\2017SERVER\X64\RELEASE\2017SERVER.IPDB보다 최신입니다.
         도구로 전달된 환경 변수:
           VS_UNICODE_OUTPUT=1360
         C:\Program Files (x86)\Microsoft Visual Studio 14.0\VC\bin\x86_amd64\link.exe /ERRORREPORT:PROMPT /OUT:"C:\Users\Administrator\Desktop\HW Final\2017Server\x64\Release\2017Server.exe" /INCREMENTAL:NO /NOLOGO ws2_32.lib lua53.lib kernel32.lib user32.lib gdi32.lib winspool.lib comdlg32.lib advapi32.lib shell32.lib ole32.lib oleaut32.lib uuid.lib odbc32.lib odbccp32.lib /MANIFEST /MANIFESTUAC:"level='asInvoker' uiAccess='false'" /manifest:embed /DEBUG /PDB:"C:\Users\Administrator\Desktop\HW Final\2017Server\x64\Release\2017Server.pdb" /SUBSYSTEM:CONSOLE /OPT:REF /OPT:ICF /LTCG:incremental /TLBID:1 /DYNAMICBASE /NXCOMPAT /IMPLIB:"C:\Users\Administrator\Desktop\HW Final\2017Server\x64\Release\2017Server.lib" /MACHINE:X64 x64\Release\server_main.obj
         lua53.lib
         Tracking command:
         C:\Program Files (x86)\MSBuild\14.0\bin\Tracker.exe /a /d "C:\Program Files (x86)\MSBuild\14.0\bin\FileTracker32.dll" /i "C:\Users\Administrator\Desktop\HW Final\2017Server\2017Server\x64\Release\2017Server.tlog" /r "C:\USERS\ADMINISTRATOR\DESKTOP\HW FINAL\2017SERVER\2017SERVER\LUA53.LIB|C:\USERS\ADMINISTRATOR\DESKTOP\HW FINAL\2017SERVER\2017SERVER\X64\RELEASE\SERVER_MAIN.OBJ" /b MSBuildConsole_CancelEvent25fdbb4fb79f416aa9c58eb8a0bb3c5c  /c "C:\Program Files (x86)\Microsoft Visual Studio 14.0\VC\bin\x86_amd64\link.exe"  /ERRORREPORT:PROMPT /OUT:"C:\Users\Administrator\Desktop\HW Final\2017Server\x64\Release\2017Server.exe" /INCREMENTAL:NO /NOLOGO ws2_32.lib lua53.lib kernel32.lib user32.lib gdi32.lib winspool.lib comdlg32.lib advapi32.lib shell32.lib ole32.lib oleaut32.lib uuid.lib odbc32.lib odbccp32.lib /MANIFEST /MANIFESTUAC:"level='asInvoker' uiAccess='false'" /manifest:embed /DEBUG /PDB:"C:\Users\Administrator\Desktop\HW Final\2017Server\x64\Release\2017Server.pdb" /SUBSYSTEM:CONSOLE /OPT:REF /OPT:ICF /LTCG:incremental /TLBID:1 /DYNAMICBASE /NXCOMPAT /IMPLIB:"C:\Users\Administrator\Desktop\HW Final\2017Server\x64\Release\2017Server.lib" /MACHINE:X64 x64\Release\server_main.obj
         lua53.lib
     1>LINK : warning LNK4098: 'LIBCMT' defaultlib가 다른 라이브러리와 충돌합니다. /NODEFAULTLIB:library를 사용하십시오.
         코드를 생성하고 있습니다.
         12 of 772 functions ( 1.6%) were compiled, the rest were copied from previous compilation.
           0 functions were new in current compilation
           24 functions had inline decision re-evaluated but remain unchanged
         코드를 생성했습니다.
       "Link" 작업을 실행했습니다.
       "Message" 작업
         2017Server.vcxproj -> C:\Users\Administrator\Desktop\HW Final\2017Server\x64\Release\2017Server.exe
       "Message" 작업을 실행했습니다.
       조건이 잘못되어 "Message" 작업을 건너뜁니다. (('$(EmbedManifestBy)' != 'LINK' or '$(LegacyManifestEmbedding)' != 'true' or '$(LinkSkippedExecution)' == 'true') and
                    %(Link.GenerateDebugInformation) == 'DebugFastLink')이(가) (('MT' != 'LINK' or '' != 'true' or 'False' == 'true') and
                    true == 'DebugFastLink')(으)로 확인되었습니다.
       "Message" 작업
         2017Server.vcxproj -> C:\Users\Administrator\Desktop\HW Final\2017Server\x64\Release\2017Server.pdb (Full PDB)
       "Message" 작업을 실행했습니다.
     1>"2017Server.vcxproj" 프로젝트에 "Link" 대상을 빌드했습니다.
       조건이 잘못되어 "MetaGenInputsOutputs" 대상을 건너뜁니다. ('$(EnableManagedIncrementalBuild)' == 'True')이(가) ('false' == 'True')(으)로 확인되었습니다.
       조건이 잘못되어 "ComputeMetaGenInputs" 대상을 건너뜁니다. ('$(CLRSupport)'!='' and '$(CLRSupport)'!='false')이(가) ('false'!='' and 'false'!='false')(으)로 확인되었습니다.
       조건이 잘못되어 "MetaGen" 대상을 건너뜁니다. ('@(MetaGen)' != '')이(가) ('' != '')(으)로 확인되었습니다.
     1>"C:\Users\Administrator\Desktop\HW Final\2017Server\2017Server\2017Server.vcxproj" 프로젝트의 "C:\Program Files (x86)\MSBuild\Microsoft.Cpp\v4.0\V140\Microsoft.CppBuild.targets" 파일에 있는 "ComputeLinkImportLibraryOutputsForClean" 대상("_Link" 대상이 종속됨):
       조건이 잘못되어 "WriteLinesToFile" 작업을 건너뜁니다. ('@(_LinkSecondaryOutput)' != '')이(가) ('' != '')(으)로 확인되었습니다.
     1>"2017Server.vcxproj" 프로젝트에 "ComputeLinkImportLibraryOutputsForClean" 대상을 빌드했습니다.
     1>"C:\Users\Administrator\Desktop\HW Final\2017Server\2017Server\2017Server.vcxproj" 프로젝트의 "C:\Program Files (x86)\MSBuild\Microsoft.Cpp\v4.0\V140\Microsoft.CppBuild.targets" 파일에 있는 "AfterLink" 대상("_Link" 대상이 종속됨):
     1>"2017Server.vcxproj" 프로젝트에 "AfterLink" 대상을 빌드했습니다.
     1>"C:\Users\Administrator\Desktop\HW Final\2017Server\2017Server\2017Server.vcxproj" 프로젝트의 "C:\Program Files (x86)\MSBuild\Microsoft.Cpp\v4.0\V140\Microsoft.CppBuild.targets" 파일에 있는 "_Link" 대상("_BuildLinkAction" 대상이 종속됨):
     1>"2017Server.vcxproj" 프로젝트에 "_Link" 대상을 빌드했습니다.
     1>"C:\Users\Administrator\Desktop\HW Final\2017Server\2017Server\2017Server.vcxproj" 프로젝트의 "C:\Program Files (x86)\MSBuild\Microsoft.Cpp\v4.0\V140\Microsoft.CppBuild.targets" 파일에 있는 "_ALink" 대상("_BuildLinkAction" 대상이 종속됨):
     1>"2017Server.vcxproj" 프로젝트에 "_ALink" 대상을 빌드했습니다.
       "ComputeLegacyManifestEmbedding" 대상을 건너뜁니다. 이전에 빌드되었습니다.
     1>"C:\Users\Administrator\Desktop\HW Final\2017Server\2017Server\2017Server.vcxproj" 프로젝트의 "C:\Program Files (x86)\MSBuild\Microsoft.Cpp\v4.0\V140\Microsoft.CppBuild.targets" 파일에 있는 "_Manifest" 대상("_BuildLinkAction" 대상이 종속됨):
       조건이 잘못되어 "CallTarget" 작업을 건너뜁니다. ('$(LegacyManifestEmbedding)' == 'true')이(가) ('' == 'true')(으)로 확인되었습니다.
     1>"2017Server.vcxproj" 프로젝트에 "_Manifest" 대상을 빌드했습니다.
     1>"C:\Users\Administrator\Desktop\HW Final\2017Server\2017Server\2017Server.vcxproj" 프로젝트의 "C:\Program Files (x86)\MSBuild\Microsoft.Cpp\v4.0\V140\Microsoft.CppCommon.targets" 파일에 있는 "RegisterOutput" 대상("_BuildLinkAction" 대상이 종속됨):
       조건이 잘못되어 "Exec" 작업을 건너뜁니다. ('$(ConfigurationType)'=='DynamicLibrary' and '%(Link.RegisterOutput)'=='true' and '%(Link.PerUserRedirection)'!='true')이(가) ('Application'=='DynamicLibrary' and 'false'=='true' and 'false'!='true')(으)로 확인되었습니다.
       조건이 잘못되어 "Exec" 작업을 건너뜁니다. ('$(ConfigurationType)'=='DynamicLibrary' and '%(Link.RegisterOutput)'=='true' and '%(Link.PerUserRedirection)'=='true')이(가) ('Application'=='DynamicLibrary' and 'false'=='true' and 'false'=='true')(으)로 확인되었습니다.
       조건이 잘못되어 "Exec" 작업을 건너뜁니다. ('$(ConfigurationType)'=='Application' and '%(Link.RegisterOutput)'=='true' and '%(Link.PerUserRedirection)'!='true')이(가) ('Application'=='Application' and 'false'=='true' and 'false'!='true')(으)로 확인되었습니다.
       조건이 잘못되어 "Exec" 작업을 건너뜁니다. ('$(ConfigurationType)'=='Application' and '%(Link.RegisterOutput)'=='true' and '%(Link.PerUserRedirection)'=='true')이(가) ('Application'=='Application' and 'false'=='true' and 'false'=='true')(으)로 확인되었습니다.
       조건이 잘못되어 "VCMessage" 작업을 건너뜁니다. ('$(_RegisterOutputExitCode)' != '' and '$(_RegisterOutputExitCode)' != '0')이(가) ('' != '' and '' != '0')(으)로 확인되었습니다.
     1>"2017Server.vcxproj" 프로젝트에 "RegisterOutput" 대상을 빌드했습니다.
       "PrepareForBuild" 대상을 건너뜁니다. 이전에 빌드되었습니다.
       "ResolveReferences" 대상을 건너뜁니다. 이전에 빌드되었습니다.
     1>"C:\Users\Administrator\Desktop\HW Final\2017Server\2017Server\2017Server.vcxproj" 프로젝트의 "C:\Program Files (x86)\MSBuild\Microsoft.Cpp\v4.0\V140\Microsoft.CppBuild.targets" 파일에 있는 "ResolvedXDCMake" 대상("_XdcMake" 대상이 종속됨):
       조건이 잘못되어 "MSBuild" 작업을 건너뜁니다. ('%(_MSBuildProjectReferenceExistent.Extension)' == '.vcxproj' and '@(ProjectReferenceWithConfiguration)' != '' and '@(_MSBuildProjectReferenceExistent)' != '' and '$(_ClCompileGenerateXMLDocumentationFiles)' == 'true')이(가) ('' == '.vcxproj' and '' != '' and '' != '' and '' == 'true')(으)로 확인되었습니다.
     1>"2017Server.vcxproj" 프로젝트에 "ResolvedXDCMake" 대상을 빌드했습니다.
     1>"C:\Users\Administrator\Desktop\HW Final\2017Server\2017Server\2017Server.vcxproj" 프로젝트의 "C:\Program Files (x86)\MSBuild\Microsoft.Cpp\v4.0\V140\Microsoft.CppBuild.targets" 파일에 있는 "ComputeCLCompileGeneratedXDCFiles" 대상("_XdcMake" 대상이 종속됨):
     1>"2017Server.vcxproj" 프로젝트에 "ComputeCLCompileGeneratedXDCFiles" 대상을 빌드했습니다.
     1>"C:\Users\Administrator\Desktop\HW Final\2017Server\2017Server\2017Server.vcxproj" 프로젝트의 "C:\Program Files (x86)\MSBuild\Microsoft.Cpp\v4.0\V140\Microsoft.CppBuild.targets" 파일에 있는 "MakeDirsForXdcMake" 대상("_XdcMake" 대상이 종속됨):
       "MakeDir" 작업
       "MakeDir" 작업을 실행했습니다.
     1>"2017Server.vcxproj" 프로젝트에 "MakeDirsForXdcMake" 대상을 빌드했습니다.
       조건이 잘못되어 "XdcMake" 대상을 건너뜁니다. ('@(XdcMake)' != '')이(가) ('' != '')(으)로 확인되었습니다.
     1>"C:\Users\Administrator\Desktop\HW Final\2017Server\2017Server\2017Server.vcxproj" 프로젝트의 "C:\Program Files (x86)\MSBuild\Microsoft.Cpp\v4.0\V140\Microsoft.CppBuild.targets" 파일에 있는 "_XdcMake" 대상("_BuildLinkAction" 대상이 종속됨):
     1>"2017Server.vcxproj" 프로젝트에 "_XdcMake" 대상을 빌드했습니다.
     1>"C:\Users\Administrator\Desktop\HW Final\2017Server\2017Server\2017Server.vcxproj" 프로젝트의 "C:\Program Files (x86)\MSBuild\Microsoft.Cpp\v4.0\V140\Microsoft.CppBuild.targets" 파일에 있는 "ComputeCLCompileGeneratedSbrFiles" 대상("_BscMake" 대상이 종속됨):
     1>"2017Server.vcxproj" 프로젝트에 "ComputeCLCompileGeneratedSbrFiles" 대상을 빌드했습니다.
     1>"C:\Users\Administrator\Desktop\HW Final\2017Server\2017Server\2017Server.vcxproj" 프로젝트의 "C:\Program Files (x86)\MSBuild\Microsoft.Cpp\v4.0\V140\Microsoft.CppBuild.targets" 파일에 있는 "MakeDirsForBscMake" 대상("_BscMake" 대상이 종속됨):
       "MakeDir" 작업
       "MakeDir" 작업을 실행했습니다.
     1>"2017Server.vcxproj" 프로젝트에 "MakeDirsForBscMake" 대상을 빌드했습니다.
       조건이 잘못되어 "BscMake" 대상을 건너뜁니다. ('@(BscMake)' != '')이(가) ('' != '')(으)로 확인되었습니다.
       조건이 잘못되어 "CustomBuildStep" 대상을 건너뜁니다. ('@(CustomBuildStep)' != '' and '$(SelectedFiles)'=='')이(가) ('' != '' and ''=='')(으)로 확인되었습니다.
     1>"C:\Users\Administrator\Desktop\HW Final\2017Server\2017Server\2017Server.vcxproj" 프로젝트의 "C:\Program Files (x86)\MSBuild\Microsoft.Cpp\v4.0\V140\Microsoft.CppBuild.targets" 파일에 있는 "_BscMake" 대상("_BuildLinkAction" 대상이 종속됨):
     1>"2017Server.vcxproj" 프로젝트에 "_BscMake" 대상을 빌드했습니다.
       조건이 잘못되어 "RunMergeNativeCodeAnalysis" 대상을 건너뜁니다. ('$(Language)'=='C++' and '$(RunCodeAnalysisOnThisProject)'=='true')이(가) ('C++'=='C++' and ''=='true')(으)로 확인되었습니다.
       조건이 잘못되어 "RunNativeCodeAnalysis" 대상을 건너뜁니다. ('$(Language)'=='C++' and '$(RunCodeAnalysisOnThisProject)'=='true')이(가) ('C++'=='C++' and ''=='true')(으)로 확인되었습니다.
     1>"C:\Users\Administrator\Desktop\HW Final\2017Server\2017Server\2017Server.vcxproj" 프로젝트의 "C:\Program Files (x86)\MSBuild\14.0\bin\Microsoft.Common.CurrentVersion.targets" 파일에 있는 "_GenerateSatelliteAssemblyInputs" 대상("CreateSatelliteAssemblies" 대상이 종속됨):
       조건이 잘못되어 "Warning" 작업을 건너뜁니다. ('@(ManifestResourceWithCulture)'!='' and '%(ManifestResourceWithCulture.EmittedForCompatibilityOnly)'=='')이(가) (''!='' and ''=='')(으)로 확인되었습니다.
       조건이 잘못되어 "Warning" 작업을 건너뜁니다. ('@(ManifestNonResxWithCultureOnDisk)'!='' and '%(ManifestNonResxWithCultureOnDisk.EmittedForCompatibilityOnly)'=='')이(가) (''!='' and ''=='')(으)로 확인되었습니다.
     1>"2017Server.vcxproj" 프로젝트에 "_GenerateSatelliteAssemblyInputs" 대상을 빌드했습니다.
       조건이 잘못되어 "ComputeIntermediateSatelliteAssemblies" 대상을 건너뜁니다. (@(ReferenceSatellitePaths->'%(DestinationSubDirectory)') != '')이(가) ( != '')(으)로 확인되었습니다.
       조건이 잘못되어 "GenerateSatelliteAssemblies" 대상을 건너뜁니다. ('@(_SatelliteAssemblyResourceInputs)' != '')이(가) ('' != '')(으)로 확인되었습니다.
     1>"C:\Users\Administrator\Desktop\HW Final\2017Server\2017Server\2017Server.vcxproj" 프로젝트의 "C:\Program Files (x86)\MSBuild\14.0\bin\Microsoft.Common.CurrentVersion.targets" 파일에 있는 "CreateSatelliteAssemblies" 대상("_BuildLinkAction" 대상이 종속됨):
     1>"2017Server.vcxproj" 프로젝트에 "CreateSatelliteAssemblies" 대상을 빌드했습니다.
     1>"C:\Users\Administrator\Desktop\HW Final\2017Server\2017Server\2017Server.vcxproj" 프로젝트의 "C:\Program Files (x86)\MSBuild\Microsoft.Cpp\v4.0\V140\Microsoft.CppBuild.targets" 파일에 있는 "_Appverifier" 대상("_BuildLinkAction" 대상이 종속됨):
     1>"2017Server.vcxproj" 프로젝트에 "_Appverifier" 대상을 빌드했습니다.
     1>"C:\Users\Administrator\Desktop\HW Final\2017Server\2017Server\2017Server.vcxproj" 프로젝트의 "C:\Program Files (x86)\MSBuild\Microsoft.Cpp\v4.0\V140\Microsoft.CppBuild.targets" 파일에 있는 "_Deploy" 대상("_BuildLinkAction" 대상이 종속됨):
     1>"2017Server.vcxproj" 프로젝트에 "_Deploy" 대상을 빌드했습니다.
       조건이 잘못되어 "ComputeIntermediateSatelliteAssemblies" 대상을 건너뜁니다. (@(ReferenceSatellitePaths->'%(DestinationSubDirectory)') != '')이(가) ( != '')(으)로 확인되었습니다.
       조건이 잘못되어 "_CopyFilesMarkedCopyLocal" 대상을 건너뜁니다. ('@(ReferenceCopyLocalPaths)' != '')이(가) ('' != '')(으)로 확인되었습니다.
       "AssignTargetPaths" 대상을 건너뜁니다. 이전에 빌드되었습니다.
       "_SplitProjectReferencesByFileExistence" 대상을 건너뜁니다. 이전에 빌드되었습니다.
     1>"C:\Users\Administrator\Desktop\HW Final\2017Server\2017Server\2017Server.vcxproj" 프로젝트의 "C:\WINDOWS\Microsoft.NET\Framework\v4.0.30319\Microsoft.Xaml.targets" 파일에 있는 "GetCopyToOutputDirectoryXamlAppDefs" 대상("GetCopyToOutputDirectoryItems" 대상이 종속됨):
       "AssignTargetPath" 작업
       "AssignTargetPath" 작업을 실행했습니다.
     1>"2017Server.vcxproj" 프로젝트에 "GetCopyToOutputDirectoryXamlAppDefs" 대상을 빌드했습니다.
     1>"C:\Users\Administrator\Desktop\HW Final\2017Server\2017Server\2017Server.vcxproj" 프로젝트의 "C:\Program Files (x86)\MSBuild\14.0\bin\Microsoft.Common.CurrentVersion.targets" 파일에 있는 "GetCopyToOutputDirectoryItems" 대상("_CopySourceItemsToOutputDirectory" 대상이 종속됨):
       조건이 잘못되어 "MSBuild" 작업을 건너뜁니다. ('@(_MSBuildProjectReferenceExistent)' != '' and '$(_GetChildProjectCopyToOutputDirectoryItems)' == 'true' and '%(_MSBuildProjectReferenceExistent.Private)' != 'false' and '$(UseCommonOutputDirectory)' != 'true')이(가) ('' != '' and 'true' == 'true' and '' != 'false' and 'false' != 'true')(으)로 확인되었습니다.
       "AssignTargetPath" 작업
       "AssignTargetPath" 작업을 실행했습니다.
     1>"2017Server.vcxproj" 프로젝트에 "GetCopyToOutputDirectoryItems" 대상을 빌드했습니다.
       조건이 잘못되어 "_CopyOutOfDateSourceItemsToOutputDirectory" 대상을 건너뜁니다. ( '@(_SourceItemsToCopyToOutputDirectory)' != '' )이(가) ( '' != '' )(으)로 확인되었습니다.
       조건이 잘못되어 "_CopyOutOfDateSourceItemsToOutputDirectoryAlways" 대상을 건너뜁니다. ( '@(_SourceItemsToCopyToOutputDirectoryAlways)' != '' )이(가) ( '' != '' )(으)로 확인되었습니다.
     1>"C:\Users\Administrator\Desktop\HW Final\2017Server\2017Server\2017Server.vcxproj" 프로젝트의 "C:\Program Files (x86)\MSBuild\14.0\bin\Microsoft.Common.CurrentVersion.targets" 파일에 있는 "_CopySourceItemsToOutputDirectory" 대상("CopyFilesToOutputDirectory" 대상이 종속됨):
     1>"2017Server.vcxproj" 프로젝트에 "_CopySourceItemsToOutputDirectory" 대상을 빌드했습니다.
       조건이 잘못되어 "_CopyAppConfigFile" 대상을 건너뜁니다. ( '@(AppConfigWithTargetPath)' != '' )이(가) ( '' != '' )(으)로 확인되었습니다.
       조건이 잘못되어 "_CopyManifestFiles" 대상을 건너뜁니다. ( '$(_DeploymentCopyApplicationManifest)'=='true' or '$(GenerateClickOnceManifests)'=='true' )이(가) ( ''=='true' or ''=='true' )(으)로 확인되었습니다.
     1>"C:\Users\Administrator\Desktop\HW Final\2017Server\2017Server\2017Server.vcxproj" 프로젝트의 "C:\Program Files (x86)\MSBuild\14.0\bin\Microsoft.Common.CurrentVersion.targets" 파일에 있는 "_CheckForCompileOutputs" 대상("CopyFilesToOutputDirectory" 대상이 종속됨):
     1>"2017Server.vcxproj" 프로젝트에 "_CheckForCompileOutputs" 대상을 빌드했습니다.
       조건이 잘못되어 "_SGenCheckForOutputs" 대상을 건너뜁니다. ('$(_SGenGenerateSerializationAssembliesConfig)' == 'On' or ('@(WebReferenceUrl)'!='' and '$(_SGenGenerateSerializationAssembliesConfig)' == 'Auto'))이(가) ('Auto' == 'On' or (''!='' and 'Auto' == 'Auto'))(으)로 확인되었습니다.
     1>"C:\Users\Administrator\Desktop\HW Final\2017Server\2017Server\2017Server.vcxproj" 프로젝트의 "C:\Program Files (x86)\MSBuild\14.0\bin\Microsoft.Common.CurrentVersion.targets" 파일에 있는 "CopyFilesToOutputDirectory" 대상("PrepareForRun" 대상이 종속됨):
       조건이 잘못되어 "Copy" 작업을 건너뜁니다. ('$(CopyBuildOutputToOutputDirectory)' == 'true' and '$(SkipCopyBuildProduct)' != 'true')이(가) ('true' == 'true' and 'true' != 'true')(으)로 확인되었습니다.
       조건이 잘못되어 "Message" 작업을 건너뜁니다. ('$(CopyBuildOutputToOutputDirectory)' == 'true' and '$(SkipCopyBuildProduct)'!='true')이(가) ('true' == 'true' and 'true'!='true')(으)로 확인되었습니다.
       조건이 잘못되어 "Copy" 작업을 건너뜁니다. ('@(AddModules)' != '')이(가) ('' != '')(으)로 확인되었습니다.
       조건이 잘못되어 "Copy" 작업을 건너뜁니다. ('$(_SGenDllCreated)'=='true')이(가) ('false'=='true')(으)로 확인되었습니다.
       조건이 잘못되어 "Copy" 작업을 건너뜁니다. ('$(_DebugSymbolsProduced)'=='true' and '$(SkipCopyingSymbolsToOutputDirectory)' != 'true' and '$(CopyOutputSymbolsToOutputDirectory)'=='true')이(가) ('false'=='true' and '' != 'true' and 'true'=='true')(으)로 확인되었습니다.
       조건이 잘못되어 "Copy" 작업을 건너뜁니다. ('$(_DocumentationFileProduced)'=='true')이(가) ('false'=='true')(으)로 확인되었습니다.
       조건이 잘못되어 "Copy" 작업을 건너뜁니다. ('@(IntermediateSatelliteAssembliesWithTargetPath)' != '')이(가) ('' != '')(으)로 확인되었습니다.
       조건이 잘못되어 "Copy" 작업을 건너뜁니다. ('@(ReferenceComWrappersToCopyLocal)' != '' or '@(ResolvedIsolatedComModules)' != '' or '@(_DeploymentLooseManifestFile)' != '' or '@(NativeReferenceFile)' != '' )이(가) ('' != '' or '' != '' or '' != '' or '' != '' )(으)로 확인되었습니다.
       조건이 잘못되어 "Copy" 작업을 건너뜁니다. ('$(SkipCopyWinMDArtifact)' != 'true' and '@(WinMDExpArtifacts)' != '')이(가) ('' != 'true' and '' != '')(으)로 확인되었습니다.
       조건이 잘못되어 "Message" 작업을 건너뜁니다. ('$(SkipCopyWinMDArtifact)' != 'true' and '$(_WindowsMetadataOutputPath)' != '')이(가) ('' != 'true' and '' != '')(으)로 확인되었습니다.
     1>"2017Server.vcxproj" 프로젝트에 "CopyFilesToOutputDirectory" 대상을 빌드했습니다.
     1>"C:\Users\Administrator\Desktop\HW Final\2017Server\2017Server\2017Server.vcxproj" 프로젝트의 "C:\Program Files (x86)\MSBuild\14.0\bin\Microsoft.Common.CurrentVersion.targets" 파일에 있는 "PrepareForRun" 대상("_BuildLinkAction" 대상이 종속됨):
     1>"2017Server.vcxproj" 프로젝트에 "PrepareForRun" 대상을 빌드했습니다.
       조건이 잘못되어 "CustomBuildStep" 대상을 건너뜁니다. ('@(CustomBuildStep)' != '' and '$(SelectedFiles)'=='')이(가) ('' != '' and ''=='')(으)로 확인되었습니다.
     1>"C:\Users\Administrator\Desktop\HW Final\2017Server\2017Server\2017Server.vcxproj" 프로젝트의 "C:\Program Files (x86)\MSBuild\Microsoft.Cpp\v4.0\V140\Microsoft.CppCommon.targets" 파일에 있는 "PostBuildEvent" 대상("_BuildLinkAction" 대상이 종속됨):
       조건이 잘못되어 "Message" 작업을 건너뜁니다. ('%(PostBuildEvent.Message)' != '' and '%(PostBuildEvent.Command)' != '')이(가) ('' != '' and '' != '')(으)로 확인되었습니다.
       조건이 잘못되어 "Exec" 작업을 건너뜁니다. ('%(PostBuildEvent.Command)' != '')이(가) ('' != '')(으)로 확인되었습니다.
     1>"2017Server.vcxproj" 프로젝트에 "PostBuildEvent" 대상을 빌드했습니다.
     1>"C:\Users\Administrator\Desktop\HW Final\2017Server\2017Server\2017Server.vcxproj" 프로젝트의 "C:\Program Files (x86)\MSBuild\Microsoft.Cpp\v4.0\V140\Microsoft.CppBuild.targets" 파일에 있는 "_BuildLinkAction" 대상("BuildLink" 대상이 종속됨):
     1>"2017Server.vcxproj" 프로젝트에 "_BuildLinkAction" 대상을 빌드했습니다.
     1>"C:\Users\Administrator\Desktop\HW Final\2017Server\2017Server\2017Server.vcxproj" 프로젝트의 "C:\Program Files (x86)\MSBuild\14.0\bin\Microsoft.Common.CurrentVersion.targets" 파일에 있는 "BuildLink" 대상("Build" 대상이 종속됨):
     1>"2017Server.vcxproj" 프로젝트에 "BuildLink" 대상을 빌드했습니다.
       조건이 잘못되어 "CreateTfsBuildInfoResource" 대상을 건너뜁니다. ( $(AddBuildInfoToAssembly)==true )이(가) ( false==true )(으)로 확인되었습니다.
     1>"C:\Users\Administrator\Desktop\HW Final\2017Server\2017Server\2017Server.vcxproj" 프로젝트의 "C:\Program Files (x86)\MSBuild\Microsoft.Cpp\v4.0\V140\Microsoft.BuildSteps.Targets" 파일에 있는 "AfterBuild" 대상("Build" 대상이 종속됨):
     1>"2017Server.vcxproj" 프로젝트에 "AfterBuild" 대상을 빌드했습니다.
     1>"C:\Users\Administrator\Desktop\HW Final\2017Server\2017Server\2017Server.vcxproj" 프로젝트의 "C:\Program Files (x86)\MSBuild\Microsoft.Cpp\v4.0\V140\Microsoft.CppBuild.targets" 파일에 있는 "FinalizeBuildStatus" 대상("Build" 대상이 종속됨):
       "Microsoft.Build.Tasks.Core, Version=14.0.0.0, Culture=neutral, PublicKeyToken=b03f5f7f11d50a3a" 어셈블리에서 "Delete" 작업을 사용합니다.
       "Delete" 작업
         "x64\Release\2017Server.tlog\unsuccessfulbuild" 파일을 삭제하고 있습니다.
       "Delete" 작업을 실행했습니다.
       "Touch" 작업
         "x64\Release\2017Server.tlog\2017Server.lastbuildstate"에 연결(touching)하고 있습니다.
       "Touch" 작업을 실행했습니다.
     1>"2017Server.vcxproj" 프로젝트에 "FinalizeBuildStatus" 대상을 빌드했습니다.
     1>"C:\Users\Administrator\Desktop\HW Final\2017Server\2017Server\2017Server.vcxproj" 프로젝트의 "C:\Program Files (x86)\MSBuild\Microsoft.Cpp\v4.0\V140\Microsoft.BuildSteps.Targets" 파일에 있는 "Build" 대상(진입점):
     1>"2017Server.vcxproj" 프로젝트에 "Build" 대상을 빌드했습니다.
     1>"C:\Users\Administrator\Desktop\HW Final\2017Server\2017Server\2017Server.vcxproj" 프로젝트를 빌드했습니다(Build 대상).

빌드했습니다.

경과 시간: 00:00:02.98
